{"meta": {"format": 3, "version": "7.13.1", "timestamp": "2026-01-31T15:56:58.298226", "branch_coverage": false, "show_contexts": false}, "files": {"app/__init__.py": {"executed_lines": [], "summary": {"covered_lines": 0, "num_statements": 0, "percent_covered": 100.0, "percent_covered_display": "100", "missing_lines": 0, "excluded_lines": 0, "percent_statements_covered": 100.0, "percent_statements_covered_display": "100"}, "missing_lines": [], "excluded_lines": [], "functions": {"": {"executed_lines": [], "summary": {"covered_lines": 0, "num_statements": 0, "percent_covered": 100.0, "percent_covered_display": "100", "missing_lines": 0, "excluded_lines": 0, "percent_statements_covered": 100.0, "percent_statements_covered_display": "100"}, "missing_lines": [], "excluded_lines": [], "start_line": 1}}, "classes": {"": {"executed_lines": [], "summary": {"covered_lines": 0, "num_statements": 0, "percent_covered": 100.0, "percent_covered_display": "100", "missing_lines": 0, "excluded_lines": 0, "percent_statements_covered": 100.0, "percent_statements_covered_display": "100"}, "missing_lines": [], "excluded_lines": [], "start_line": 1}}}, "app/api/__init__.py": {"executed_lines": [], "summary": {"covered_lines": 0, "num_statements": 0, "percent_covered": 100.0, "percent_covered_display": "100", "missing_lines": 0, "excluded_lines": 0, "percent_statements_covered": 100.0, "percent_statements_covered_display": "100"}, "missing_lines": [], "excluded_lines": [], "functions": {"": {"executed_lines": [], "summary": {"covered_lines": 0, "num_statements": 0, "percent_covered": 100.0, "percent_covered_display": "100", "missing_lines": 0, "excluded_lines": 0, "percent_statements_covered": 100.0, "percent_statements_covered_display": "100"}, "missing_lines": [], "excluded_lines": [], "start_line": 1}}, "classes": {"": {"executed_lines": [], "summary": {"covered_lines": 0, "num_statements": 0, "percent_covered": 100.0, "percent_covered_display": "100", "missing_lines": 0, "excluded_lines": 0, "percent_statements_covered": 100.0, "percent_statements_covered_display": "100"}, "missing_lines": [], "excluded_lines": [], "start_line": 1}}}, "app/api/deps.py": {"executed_lines": [4, 5, 7, 8, 9, 11, 12, 13, 14, 20, 23, 26, 33, 34, 35, 37, 40, 57, 59, 61, 62, 64, 65, 67, 69, 70, 75, 90, 92, 95, 120, 156, 195, 227, 259, 278], "summary": {"covered_lines": 36, "num_statements": 69, "percent_covered": 52.17391304347826, "percent_covered_display": "52", "missing_lines": 33, "excluded_lines": 2, "percent_statements_covered": 52.17391304347826, "percent_statements_covered_display": "52"}, "missing_lines": [71, 72, 91, 112, 114, 115, 117, 137, 141, 143, 146, 151, 153, 176, 180, 182, 185, 190, 192, 215, 218, 221, 222, 224, 247, 250, 253, 254, 256, 273, 275, 292, 294], "excluded_lines": [121, 157], "functions": {"get_db": {"executed_lines": [33, 34, 35, 37], "summary": {"covered_lines": 4, "num_statements": 4, "percent_covered": 100.0, "percent_covered_display": "100", "missing_lines": 0, "excluded_lines": 0, "percent_statements_covered": 100.0, "percent_statements_covered_display": "100"}, "missing_lines": [], "excluded_lines": [], "start_line": 26}, "get_current_user": {"executed_lines": [57, 59, 61, 62, 64, 65, 67, 69, 70], "summary": {"covered_lines": 9, "num_statements": 11, "percent_covered": 81.81818181818181, "percent_covered_display": "82", "missing_lines": 2, "excluded_lines": 0, "percent_statements_covered": 81.81818181818181, "percent_statements_covered_display": "82"}, "missing_lines": [71, 72], "excluded_lines": [], "start_line": 40}, "get_current_active_user": {"executed_lines": [90, 92], "summary": {"covered_lines": 2, "num_statements": 3, "percent_covered": 66.66666666666667, "percent_covered_display": "67", "missing_lines": 1, "excluded_lines": 0, "percent_statements_covered": 66.66666666666667, "percent_statements_covered_display": "67"}, "missing_lines": [91], "excluded_lines": [], "start_line": 75}, "check_admin_permission": {"executed_lines": [], "summary": {"covered_lines": 0, "num_statements": 4, "percent_covered": 0.0, "percent_covered_display": "0", "missing_lines": 4, "excluded_lines": 0, "percent_statements_covered": 0.0, "percent_statements_covered_display": "0"}, "missing_lines": [112, 114, 115, 117], "excluded_lines": [], "start_line": 95}, "check_permission": {"executed_lines": [], "summary": {"covered_lines": 0, "num_statements": 2, "percent_covered": 0.0, "percent_covered_display": "0", "missing_lines": 2, "excluded_lines": 1, "percent_statements_covered": 0.0, "percent_statements_covered_display": "0"}, "missing_lines": [137, 153], "excluded_lines": [121], "start_line": 120}, "check_permission.permission_checker": {"executed_lines": [], "summary": {"covered_lines": 0, "num_statements": 4, "percent_covered": 0.0, "percent_covered_display": "0", "missing_lines": 4, "excluded_lines": 0, "percent_statements_covered": 0.0, "percent_statements_covered_display": "0"}, "missing_lines": [141, 143, 146, 151], "excluded_lines": [], "start_line": 137}, "check_all_permissions": {"executed_lines": [], "summary": {"covered_lines": 0, "num_statements": 2, "percent_covered": 0.0, "percent_covered_display": "0", "missing_lines": 2, "excluded_lines": 1, "percent_statements_covered": 0.0, "percent_statements_covered_display": "0"}, "missing_lines": [176, 192], "excluded_lines": [157], "start_line": 156}, "check_all_permissions.permission_checker": {"executed_lines": [], "summary": {"covered_lines": 0, "num_statements": 4, "percent_covered": 0.0, "percent_covered_display": "0", "missing_lines": 4, "excluded_lines": 0, "percent_statements_covered": 0.0, "percent_statements_covered_display": "0"}, "missing_lines": [180, 182, 185, 190], "excluded_lines": [], "start_line": 176}, "check_program_access": {"executed_lines": [], "summary": {"covered_lines": 0, "num_statements": 5, "percent_covered": 0.0, "percent_covered_display": "0", "missing_lines": 5, "excluded_lines": 0, "percent_statements_covered": 0.0, "percent_statements_covered_display": "0"}, "missing_lines": [215, 218, 221, 222, 224], "excluded_lines": [], "start_line": 195}, "check_project_access": {"executed_lines": [], "summary": {"covered_lines": 0, "num_statements": 5, "percent_covered": 0.0, "percent_covered_display": "0", "missing_lines": 5, "excluded_lines": 0, "percent_statements_covered": 0.0, "percent_statements_covered_display": "0"}, "missing_lines": [247, 250, 253, 254, 256], "excluded_lines": [], "start_line": 227}, "get_accessible_programs": {"executed_lines": [], "summary": {"covered_lines": 0, "num_statements": 2, "percent_covered": 0.0, "percent_covered_display": "0", "missing_lines": 2, "excluded_lines": 0, "percent_statements_covered": 0.0, "percent_statements_covered_display": "0"}, "missing_lines": [273, 275], "excluded_lines": [], "start_line": 259}, "get_accessible_projects": {"executed_lines": [], "summary": {"covered_lines": 0, "num_statements": 2, "percent_covered": 0.0, "percent_covered_display": "0", "missing_lines": 2, "excluded_lines": 0, "percent_statements_covered": 0.0, "percent_statements_covered_display": "0"}, "missing_lines": [292, 294], "excluded_lines": [], "start_line": 278}, "": {"executed_lines": [4, 5, 7, 8, 9, 11, 12, 13, 14, 20, 23, 26, 40, 75, 95, 120, 156, 195, 227, 259, 278], "summary": {"covered_lines": 21, "num_statements": 21, "percent_covered": 100.0, "percent_covered_display": "100", "missing_lines": 0, "excluded_lines": 0, "percent_statements_covered": 100.0, "percent_statements_covered_display": "100"}, "missing_lines": [], "excluded_lines": [], "start_line": 1}}, "classes": {"": {"executed_lines": [4, 5, 7, 8, 9, 11, 12, 13, 14, 20, 23, 26, 33, 34, 35, 37, 40, 57, 59, 61, 62, 64, 65, 67, 69, 70, 75, 90, 92, 95, 120, 156, 195, 227, 259, 278], "summary": {"covered_lines": 36, "num_statements": 69, "percent_covered": 52.17391304347826, "percent_covered_display": "52", "missing_lines": 33, "excluded_lines": 2, "percent_statements_covered": 52.17391304347826, "percent_statements_covered_display": "52"}, "missing_lines": [71, 72, 91, 112, 114, 115, 117, 137, 141, 143, 146, 151, 153, 176, 180, 182, 185, 190, 192, 215, 218, 221, 222, 224, 247, 250, 253, 254, 256, 273, 275, 292, 294], "excluded_lines": [121, 157], "start_line": 1}}}, "app/api/middleware.py": {"executed_lines": [4, 5, 6, 7, 8, 9, 11, 12, 13, 15, 16, 22, 26, 29, 41, 43, 46, 47, 48, 49, 51, 52, 53, 55, 58, 66, 80, 81, 82, 84, 95, 96, 100, 102, 112, 113, 116, 119, 122, 124, 125, 126, 129, 130, 132, 135, 136, 138, 139, 141, 142, 151, 154, 155, 158, 162, 165, 172, 175, 177, 180, 190, 192, 193, 196, 212, 238, 241, 254, 271, 274, 290, 318, 321, 337, 365, 368, 384, 414], "summary": {"covered_lines": 79, "num_statements": 147, "percent_covered": 53.74149659863946, "percent_covered_display": "54", "missing_lines": 68, "excluded_lines": 5, "percent_statements_covered": 53.74149659863946, "percent_statements_covered_display": "54"}, "missing_lines": [97, 213, 214, 216, 217, 219, 220, 223, 227, 229, 230, 235, 237, 255, 256, 258, 259, 261, 262, 265, 266, 268, 270, 291, 292, 294, 295, 296, 298, 299, 301, 302, 305, 308, 310, 313, 315, 317, 338, 339, 341, 342, 343, 345, 346, 348, 349, 352, 355, 357, 360, 362, 364, 385, 386, 388, 389, 391, 392, 395, 397, 398, 401, 402, 406, 409, 411, 413], "excluded_lines": [197, 242, 275, 322, 369], "functions": {"SecurityHeadersMiddleware.dispatch": {"executed_lines": [43, 46, 47, 48, 49, 51, 52, 53, 55], "summary": {"covered_lines": 9, "num_statements": 9, "percent_covered": 100.0, "percent_covered_display": "100", "missing_lines": 0, "excluded_lines": 0, "percent_statements_covered": 100.0, "percent_statements_covered_display": "100"}, "missing_lines": [], "excluded_lines": [], "start_line": 41}, "RateLimitMiddleware.__init__": {"executed_lines": [80, 81, 82], "summary": {"covered_lines": 3, "num_statements": 3, "percent_covered": 100.0, "percent_covered_display": "100", "missing_lines": 0, "excluded_lines": 0, "percent_statements_covered": 100.0, "percent_statements_covered_display": "100"}, "missing_lines": [], "excluded_lines": [], "start_line": 66}, "RateLimitMiddleware._get_client_identifier": {"executed_lines": [95, 96, 100], "summary": {"covered_lines": 3, "num_statements": 4, "percent_covered": 75.0, "percent_covered_display": "75", "missing_lines": 1, "excluded_lines": 0, "percent_statements_covered": 75.0, "percent_statements_covered_display": "75"}, "missing_lines": [97], "excluded_lines": [], "start_line": 84}, "RateLimitMiddleware._is_rate_limited": {"executed_lines": [112, 113, 116, 119, 122, 124, 125, 126, 129, 130], "summary": {"covered_lines": 10, "num_statements": 10, "percent_covered": 100.0, "percent_covered_display": "100", "missing_lines": 0, "excluded_lines": 0, "percent_statements_covered": 100.0, "percent_statements_covered_display": "100"}, "missing_lines": [], "excluded_lines": [], "start_line": 102}, "RateLimitMiddleware.dispatch": {"executed_lines": [135, 136, 138, 139, 141, 142, 151, 154, 155, 158, 162], "summary": {"covered_lines": 11, "num_statements": 11, "percent_covered": 100.0, "percent_covered_display": "100", "missing_lines": 0, "excluded_lines": 0, "percent_statements_covered": 100.0, "percent_statements_covered_display": "100"}, "missing_lines": [], "excluded_lines": [], "start_line": 132}, "AuditLoggingMiddleware.dispatch": {"executed_lines": [175, 177, 180, 190, 192, 193], "summary": {"covered_lines": 6, "num_statements": 6, "percent_covered": 100.0, "percent_covered_display": "100", "missing_lines": 0, "excluded_lines": 0, "percent_statements_covered": 100.0, "percent_statements_covered_display": "100"}, "missing_lines": [], "excluded_lines": [], "start_line": 172}, "require_permissions": {"executed_lines": [212, 238], "summary": {"covered_lines": 2, "num_statements": 3, "percent_covered": 66.66666666666667, "percent_covered_display": "67", "missing_lines": 1, "excluded_lines": 1, "percent_statements_covered": 66.66666666666667, "percent_statements_covered_display": "67"}, "missing_lines": [213], "excluded_lines": [197], "start_line": 196}, "require_permissions.decorator": {"executed_lines": [], "summary": {"covered_lines": 0, "num_statements": 2, "percent_covered": 0.0, "percent_covered_display": "0", "missing_lines": 2, "excluded_lines": 0, "percent_statements_covered": 0.0, "percent_statements_covered_display": "0"}, "missing_lines": [214, 237], "excluded_lines": [], "start_line": 212}, "require_permissions.decorator.wrapper": {"executed_lines": [], "summary": {"covered_lines": 0, "num_statements": 9, "percent_covered": 0.0, "percent_covered_display": "0", "missing_lines": 9, "excluded_lines": 0, "percent_statements_covered": 0.0, "percent_statements_covered_display": "0"}, "missing_lines": [216, 217, 219, 220, 223, 227, 229, 230, 235], "excluded_lines": [], "start_line": 214}, "require_admin": {"executed_lines": [254, 271], "summary": {"covered_lines": 2, "num_statements": 3, "percent_covered": 66.66666666666667, "percent_covered_display": "67", "missing_lines": 1, "excluded_lines": 1, "percent_statements_covered": 66.66666666666667, "percent_statements_covered_display": "67"}, "missing_lines": [255], "excluded_lines": [242], "start_line": 241}, "require_admin.decorator": {"executed_lines": [], "summary": {"covered_lines": 0, "num_statements": 2, "percent_covered": 0.0, "percent_covered_display": "0", "missing_lines": 2, "excluded_lines": 0, "percent_statements_covered": 0.0, "percent_statements_covered_display": "0"}, "missing_lines": [256, 270], "excluded_lines": [], "start_line": 254}, "require_admin.decorator.wrapper": {"executed_lines": [], "summary": {"covered_lines": 0, "num_statements": 7, "percent_covered": 0.0, "percent_covered_display": "0", "missing_lines": 7, "excluded_lines": 0, "percent_statements_covered": 0.0, "percent_statements_covered_display": "0"}, "missing_lines": [258, 259, 261, 262, 265, 266, 268], "excluded_lines": [], "start_line": 256}, "require_program_access": {"executed_lines": [290, 318], "summary": {"covered_lines": 2, "num_statements": 3, "percent_covered": 66.66666666666667, "percent_covered_display": "67", "missing_lines": 1, "excluded_lines": 1, "percent_statements_covered": 66.66666666666667, "percent_statements_covered_display": "67"}, "missing_lines": [291], "excluded_lines": [275], "start_line": 274}, "require_program_access.decorator": {"executed_lines": [], "summary": {"covered_lines": 0, "num_statements": 2, "percent_covered": 0.0, "percent_covered_display": "0", "missing_lines": 2, "excluded_lines": 0, "percent_statements_covered": 0.0, "percent_statements_covered_display": "0"}, "missing_lines": [292, 317], "excluded_lines": [], "start_line": 290}, "require_program_access.decorator.wrapper": {"executed_lines": [], "summary": {"covered_lines": 0, "num_statements": 12, "percent_covered": 0.0, "percent_covered_display": "0", "missing_lines": 12, "excluded_lines": 0, "percent_statements_covered": 0.0, "percent_statements_covered_display": "0"}, "missing_lines": [294, 295, 296, 298, 299, 301, 302, 305, 308, 310, 313, 315], "excluded_lines": [], "start_line": 292}, "require_project_access": {"executed_lines": [337, 365], "summary": {"covered_lines": 2, "num_statements": 3, "percent_covered": 66.66666666666667, "percent_covered_display": "67", "missing_lines": 1, "excluded_lines": 1, "percent_statements_covered": 66.66666666666667, "percent_statements_covered_display": "67"}, "missing_lines": [338], "excluded_lines": [322], "start_line": 321}, "require_project_access.decorator": {"executed_lines": [], "summary": {"covered_lines": 0, "num_statements": 2, "percent_covered": 0.0, "percent_covered_display": "0", "missing_lines": 2, "excluded_lines": 0, "percent_statements_covered": 0.0, "percent_statements_covered_display": "0"}, "missing_lines": [339, 364], "excluded_lines": [], "start_line": 337}, "require_project_access.decorator.wrapper": {"executed_lines": [], "summary": {"covered_lines": 0, "num_statements": 12, "percent_covered": 0.0, "percent_covered_display": "0", "missing_lines": 12, "excluded_lines": 0, "percent_statements_covered": 0.0, "percent_statements_covered_display": "0"}, "missing_lines": [341, 342, 343, 345, 346, 348, 349, 352, 355, 357, 360, 362], "excluded_lines": [], "start_line": 339}, "require_scope_filtered_list": {"executed_lines": [384, 414], "summary": {"covered_lines": 2, "num_statements": 3, "percent_covered": 66.66666666666667, "percent_covered_display": "67", "missing_lines": 1, "excluded_lines": 1, "percent_statements_covered": 66.66666666666667, "percent_statements_covered_display": "67"}, "missing_lines": [385], "excluded_lines": [369], "start_line": 368}, "require_scope_filtered_list.decorator": {"executed_lines": [], "summary": {"covered_lines": 0, "num_statements": 2, "percent_covered": 0.0, "percent_covered_display": "0", "missing_lines": 2, "excluded_lines": 0, "percent_statements_covered": 0.0, "percent_statements_covered_display": "0"}, "missing_lines": [386, 413], "excluded_lines": [], "start_line": 384}, "require_scope_filtered_list.decorator.wrapper": {"executed_lines": [], "summary": {"covered_lines": 0, "num_statements": 12, "percent_covered": 0.0, "percent_covered_display": "0", "missing_lines": 12, "excluded_lines": 0, "percent_statements_covered": 0.0, "percent_statements_covered_display": "0"}, "missing_lines": [388, 389, 391, 392, 395, 397, 398, 401, 402, 406, 409, 411], "excluded_lines": [], "start_line": 386}, "": {"executed_lines": [4, 5, 6, 7, 8, 9, 11, 12, 13, 15, 16, 22, 26, 29, 41, 58, 66, 84, 102, 132, 165, 172, 196, 241, 274, 321, 368], "summary": {"covered_lines": 27, "num_statements": 27, "percent_covered": 100.0, "percent_covered_display": "100", "missing_lines": 0, "excluded_lines": 0, "percent_statements_covered": 100.0, "percent_statements_covered_display": "100"}, "missing_lines": [], "excluded_lines": [], "start_line": 1}}, "classes": {"SecurityHeadersMiddleware": {"executed_lines": [43, 46, 47, 48, 49, 51, 52, 53, 55], "summary": {"covered_lines": 9, "num_statements": 9, "percent_covered": 100.0, "percent_covered_display": "100", "missing_lines": 0, "excluded_lines": 0, "percent_statements_covered": 100.0, "percent_statements_covered_display": "100"}, "missing_lines": [], "excluded_lines": [], "start_line": 29}, "RateLimitMiddleware": {"executed_lines": [80, 81, 82, 95, 96, 100, 112, 113, 116, 119, 122, 124, 125, 126, 129, 130, 135, 136, 138, 139, 141, 142, 151, 154, 155, 158, 162], "summary": {"covered_lines": 27, "num_statements": 28, "percent_covered": 96.42857142857143, "percent_covered_display": "96", "missing_lines": 1, "excluded_lines": 0, "percent_statements_covered": 96.42857142857143, "percent_statements_covered_display": "96"}, "missing_lines": [97], "excluded_lines": [], "start_line": 58}, "AuditLoggingMiddleware": {"executed_lines": [175, 177, 180, 190, 192, 193], "summary": {"covered_lines": 6, "num_statements": 6, "percent_covered": 100.0, "percent_covered_display": "100", "missing_lines": 0, "excluded_lines": 0, "percent_statements_covered": 100.0, "percent_statements_covered_display": "100"}, "missing_lines": [], "excluded_lines": [], "start_line": 165}, "": {"executed_lines": [4, 5, 6, 7, 8, 9, 11, 12, 13, 15, 16, 22, 26, 29, 41, 58, 66, 84, 102, 132, 165, 172, 196, 212, 238, 241, 254, 271, 274, 290, 318, 321, 337, 365, 368, 384, 414], "summary": {"covered_lines": 37, "num_statements": 104, "percent_covered": 35.57692307692308, "percent_covered_display": "36", "missing_lines": 67, "excluded_lines": 5, "percent_statements_covered": 35.57692307692308, "percent_statements_covered_display": "36"}, "missing_lines": [213, 214, 216, 217, 219, 220, 223, 227, 229, 230, 235, 237, 255, 256, 258, 259, 261, 262, 265, 266, 268, 270, 291, 292, 294, 295, 296, 298, 299, 301, 302, 305, 308, 310, 313, 315, 317, 338, 339, 341, 342, 343, 345, 346, 348, 349, 352, 355, 357, 360, 362, 364, 385, 386, 388, 389, 391, 392, 395, 397, 398, 401, 402, 406, 409, 411, 413], "excluded_lines": [197, 242, 275, 322, 369], "start_line": 1}}}, "app/api/v1/__init__.py": {"executed_lines": [], "summary": {"covered_lines": 0, "num_statements": 0, "percent_covered": 100.0, "percent_covered_display": "100", "missing_lines": 0, "excluded_lines": 0, "percent_statements_covered": 100.0, "percent_statements_covered_display": "100"}, "missing_lines": [], "excluded_lines": [], "functions": {"": {"executed_lines": [], "summary": {"covered_lines": 0, "num_statements": 0, "percent_covered": 100.0, "percent_covered_display": "100", "missing_lines": 0, "excluded_lines": 0, "percent_statements_covered": 100.0, "percent_statements_covered_display": "100"}, "missing_lines": [], "excluded_lines": [], "start_line": 1}}, "classes": {"": {"executed_lines": [], "summary": {"covered_lines": 0, "num_statements": 0, "percent_covered": 100.0, "percent_covered_display": "100", "missing_lines": 0, "excluded_lines": 0, "percent_statements_covered": 100.0, "percent_statements_covered_display": "100"}, "missing_lines": [], "excluded_lines": [], "start_line": 1}}}, "app/api/v1/api.py": {"executed_lines": [4, 6, 11, 14, 15, 16, 17, 18, 19, 20, 21, 22, 23, 24, 25, 27, 28, 30], "summary": {"covered_lines": 18, "num_statements": 18, "percent_covered": 100.0, "percent_covered_display": "100", "missing_lines": 0, "excluded_lines": 0, "percent_statements_covered": 100.0, "percent_statements_covered_display": "100"}, "missing_lines": [], "excluded_lines": [], "functions": {"api_info": {"executed_lines": [30], "summary": {"covered_lines": 1, "num_statements": 1, "percent_covered": 100.0, "percent_covered_display": "100", "missing_lines": 0, "excluded_lines": 0, "percent_statements_covered": 100.0, "percent_statements_covered_display": "100"}, "missing_lines": [], "excluded_lines": [], "start_line": 28}, "": {"executed_lines": [4, 6, 11, 14, 15, 16, 17, 18, 19, 20, 21, 22, 23, 24, 25, 27, 28], "summary": {"covered_lines": 17, "num_statements": 17, "percent_covered": 100.0, "percent_covered_display": "100", "missing_lines": 0, "excluded_lines": 0, "percent_statements_covered": 100.0, "percent_statements_covered_display": "100"}, "missing_lines": [], "excluded_lines": [], "start_line": 1}}, "classes": {"": {"executed_lines": [4, 6, 11, 14, 15, 16, 17, 18, 19, 20, 21, 22, 23, 24, 25, 27, 28, 30], "summary": {"covered_lines": 18, "num_statements": 18, "percent_covered": 100.0, "percent_covered_display": "100", "missing_lines": 0, "excluded_lines": 0, "percent_statements_covered": 100.0, "percent_statements_covered_display": "100"}, "missing_lines": [], "excluded_lines": [], "start_line": 1}}}, "app/api/v1/endpoints/__init__.py": {"executed_lines": [], "summary": {"covered_lines": 0, "num_statements": 0, "percent_covered": 100.0, "percent_covered_display": "100", "missing_lines": 0, "excluded_lines": 0, "percent_statements_covered": 100.0, "percent_statements_covered_display": "100"}, "missing_lines": [], "excluded_lines": [], "functions": {"": {"executed_lines": [], "summary": {"covered_lines": 0, "num_statements": 0, "percent_covered": 100.0, "percent_covered_display": "100", "missing_lines": 0, "excluded_lines": 0, "percent_statements_covered": 100.0, "percent_statements_covered_display": "100"}, "missing_lines": [], "excluded_lines": [], "start_line": 1}}, "classes": {"": {"executed_lines": [], "summary": {"covered_lines": 0, "num_statements": 0, "percent_covered": 100.0, "percent_covered_display": "100", "missing_lines": 0, "excluded_lines": 0, "percent_statements_covered": 100.0, "percent_statements_covered_display": "100"}, "missing_lines": [], "excluded_lines": [], "start_line": 1}}}, "app/api/v1/endpoints/actuals.py": {"executed_lines": [4, 5, 6, 8, 9, 11, 12, 13, 23, 24, 25, 26, 27, 32, 35, 42, 65, 66, 77, 78, 79, 80, 81, 82, 84, 86, 89, 91, 94, 100, 119, 121, 122, 128, 140, 141, 148, 149, 152, 153, 154, 157, 158, 159, 160, 161, 162, 163, 164, 165, 167, 184, 190, 205, 206, 208, 209, 216, 217, 218, 219, 220, 221, 223, 226, 232, 247, 248, 255, 256, 257, 258, 259, 260, 262, 272, 278, 288, 289, 291, 297, 311, 317, 347, 349, 350, 353, 354, 357, 360, 361, 362, 363, 371, 380, 400, 401, 408, 409, 410, 411, 419, 454, 460, 476, 477, 484, 498, 504, 531, 532, 534, 540, 547, 558, 564, 620, 626, 658, 664, 677, 679, 680, 683, 684, 687, 689, 696, 698, 708, 714, 715, 716, 728], "summary": {"covered_lines": 134, "num_statements": 189, "percent_covered": 70.8994708994709, "percent_covered_display": "71", "missing_lines": 55, "excluded_lines": 0, "percent_statements_covered": 70.8994708994709, "percent_statements_covered_display": "71"}, "missing_lines": [88, 129, 134, 135, 136, 137, 177, 178, 264, 266, 267, 269, 292, 302, 303, 304, 305, 381, 382, 383, 391, 427, 429, 430, 431, 439, 446, 448, 449, 451, 491, 492, 535, 549, 550, 551, 552, 579, 580, 582, 583, 588, 597, 611, 612, 613, 614, 641, 642, 649, 651, 652, 690, 733, 734], "excluded_lines": [], "functions": {"create_actual": {"executed_lines": [65, 66, 77, 78, 79, 80, 81, 82, 84, 86, 89, 91], "summary": {"covered_lines": 12, "num_statements": 13, "percent_covered": 92.3076923076923, "percent_covered_display": "92", "missing_lines": 1, "excluded_lines": 0, "percent_statements_covered": 92.3076923076923, "percent_statements_covered_display": "92"}, "missing_lines": [88], "excluded_lines": [], "start_line": 42}, "list_actuals": {"executed_lines": [119, 121, 122, 128, 140, 141, 148, 149, 152, 153, 154, 157, 158, 159, 160, 161, 162, 163, 164, 165, 167], "summary": {"covered_lines": 21, "num_statements": 28, "percent_covered": 75.0, "percent_covered_display": "75", "missing_lines": 7, "excluded_lines": 0, "percent_statements_covered": 75.0, "percent_statements_covered_display": "75"}, "missing_lines": [129, 134, 135, 136, 137, 177, 178], "excluded_lines": [], "start_line": 100}, "get_actual": {"executed_lines": [205, 206, 208, 209, 216, 217, 218, 219, 220, 221, 223], "summary": {"covered_lines": 11, "num_statements": 11, "percent_covered": 100.0, "percent_covered_display": "100", "missing_lines": 0, "excluded_lines": 0, "percent_statements_covered": 100.0, "percent_statements_covered_display": "100"}, "missing_lines": [], "excluded_lines": [], "start_line": 190}, "update_actual": {"executed_lines": [247, 248, 255, 256, 257, 258, 259, 260, 262], "summary": {"covered_lines": 9, "num_statements": 13, "percent_covered": 69.23076923076923, "percent_covered_display": "69", "missing_lines": 4, "excluded_lines": 0, "percent_statements_covered": 69.23076923076923, "percent_statements_covered_display": "69"}, "missing_lines": [264, 266, 267, 269], "excluded_lines": [], "start_line": 232}, "delete_actual": {"executed_lines": [288, 289, 291, 297], "summary": {"covered_lines": 4, "num_statements": 9, "percent_covered": 44.44444444444444, "percent_covered_display": "44", "missing_lines": 5, "excluded_lines": 0, "percent_statements_covered": 44.44444444444444, "percent_statements_covered_display": "44"}, "missing_lines": [292, 302, 303, 304, 305], "excluded_lines": [], "start_line": 278}, "import_actuals": {"executed_lines": [347, 349, 350, 353, 354, 357, 360, 361, 362, 363, 371, 380, 400, 401, 408, 409, 410, 411, 419], "summary": {"covered_lines": 19, "num_statements": 32, "percent_covered": 59.375, "percent_covered_display": "59", "missing_lines": 13, "excluded_lines": 0, "percent_statements_covered": 59.375, "percent_statements_covered_display": "59"}, "missing_lines": [381, 382, 383, 391, 427, 429, 430, 431, 439, 446, 448, 449, 451], "excluded_lines": [], "start_line": 317}, "get_project_total_cost": {"executed_lines": [476, 477, 484], "summary": {"covered_lines": 3, "num_statements": 5, "percent_covered": 60.0, "percent_covered_display": "60", "missing_lines": 2, "excluded_lines": 0, "percent_statements_covered": 60.0, "percent_statements_covered_display": "60"}, "missing_lines": [491, 492], "excluded_lines": [], "start_line": 460}, "get_variance_analysis": {"executed_lines": [531, 532, 534, 540, 547], "summary": {"covered_lines": 5, "num_statements": 10, "percent_covered": 50.0, "percent_covered_display": "50", "missing_lines": 5, "excluded_lines": 0, "percent_statements_covered": 50.0, "percent_statements_covered_display": "50"}, "missing_lines": [535, 549, 550, 551, 552], "excluded_lines": [], "start_line": 504}, "get_exceptional_variances": {"executed_lines": [], "summary": {"covered_lines": 0, "num_statements": 10, "percent_covered": 0.0, "percent_covered_display": "0", "missing_lines": 10, "excluded_lines": 0, "percent_statements_covered": 0.0, "percent_statements_covered_display": "0"}, "missing_lines": [579, 580, 582, 583, 588, 597, 611, 612, 613, 614], "excluded_lines": [], "start_line": 564}, "compare_actual_vs_forecast": {"executed_lines": [], "summary": {"covered_lines": 0, "num_statements": 5, "percent_covered": 0.0, "percent_covered_display": "0", "missing_lines": 5, "excluded_lines": 0, "percent_statements_covered": 0.0, "percent_statements_covered_display": "0"}, "missing_lines": [641, 642, 649, 651, 652], "excluded_lines": [], "start_line": 626}, "check_allocation_conflicts": {"executed_lines": [677, 679, 680, 683, 684, 687, 689, 696, 698, 708, 714, 715, 716, 728], "summary": {"covered_lines": 14, "num_statements": 17, "percent_covered": 82.3529411764706, "percent_covered_display": "82", "missing_lines": 3, "excluded_lines": 0, "percent_statements_covered": 82.3529411764706, "percent_statements_covered_display": "82"}, "missing_lines": [690, 733, 734], "excluded_lines": [], "start_line": 664}, "": {"executed_lines": [4, 5, 6, 8, 9, 11, 12, 13, 23, 24, 25, 26, 27, 32, 35, 42, 94, 100, 184, 190, 226, 232, 272, 278, 311, 317, 454, 460, 498, 504, 558, 564, 620, 626, 658, 664], "summary": {"covered_lines": 36, "num_statements": 36, "percent_covered": 100.0, "percent_covered_display": "100", "missing_lines": 0, "excluded_lines": 0, "percent_statements_covered": 100.0, "percent_statements_covered_display": "100"}, "missing_lines": [], "excluded_lines": [], "start_line": 1}}, "classes": {"": {"executed_lines": [4, 5, 6, 8, 9, 11, 12, 13, 23, 24, 25, 26, 27, 32, 35, 42, 65, 66, 77, 78, 79, 80, 81, 82, 84, 86, 89, 91, 94, 100, 119, 121, 122, 128, 140, 141, 148, 149, 152, 153, 154, 157, 158, 159, 160, 161, 162, 163, 164, 165, 167, 184, 190, 205, 206, 208, 209, 216, 217, 218, 219, 220, 221, 223, 226, 232, 247, 248, 255, 256, 257, 258, 259, 260, 262, 272, 278, 288, 289, 291, 297, 311, 317, 347, 349, 350, 353, 354, 357, 360, 361, 362, 363, 371, 380, 400, 401, 408, 409, 410, 411, 419, 454, 460, 476, 477, 484, 498, 504, 531, 532, 534, 540, 547, 558, 564, 620, 626, 658, 664, 677, 679, 680, 683, 684, 687, 689, 696, 698, 708, 714, 715, 716, 728], "summary": {"covered_lines": 134, "num_statements": 189, "percent_covered": 70.8994708994709, "percent_covered_display": "71", "missing_lines": 55, "excluded_lines": 0, "percent_statements_covered": 70.8994708994709, "percent_statements_covered_display": "71"}, "missing_lines": [88, 129, 134, 135, 136, 137, 177, 178, 264, 266, 267, 269, 292, 302, 303, 304, 305, 381, 382, 383, 391, 427, 429, 430, 431, 439, 446, 448, 449, 451, 491, 492, 535, 549, 550, 551, 552, 579, 580, 582, 583, 588, 597, 611, 612, 613, 614, 641, 642, 649, 651, 652, 690, 733, 734], "excluded_lines": [], "start_line": 1}}}, "app/api/v1/endpoints/assignments.py": {"executed_lines": [4, 5, 6, 8, 9, 11, 12, 13, 21, 22, 23, 25, 28, 45, 52, 106, 112, 175, 181, 224, 230, 276, 282, 312, 318, 357, 363, 397, 403, 438, 444, 478, 484, 520, 526], "summary": {"covered_lines": 35, "num_statements": 174, "percent_covered": 20.114942528735632, "percent_covered_display": "20", "missing_lines": 139, "excluded_lines": 0, "percent_statements_covered": 20.114942528735632, "percent_statements_covered_display": "20"}, "missing_lines": [30, 31, 33, 34, 35, 40, 41, 42, 73, 74, 86, 87, 88, 89, 90, 92, 94, 95, 99, 100, 128, 129, 130, 140, 141, 144, 145, 146, 149, 150, 151, 152, 153, 154, 155, 156, 158, 168, 169, 197, 199, 200, 206, 207, 208, 212, 213, 215, 216, 217, 218, 219, 221, 246, 247, 256, 257, 258, 259, 260, 262, 264, 265, 269, 270, 292, 293, 295, 300, 301, 305, 306, 328, 329, 334, 335, 336, 337, 338, 339, 340, 341, 343, 345, 346, 350, 351, 373, 374, 379, 380, 381, 382, 383, 384, 385, 386, 388, 390, 391, 414, 415, 420, 421, 422, 423, 424, 425, 426, 427, 429, 431, 432, 459, 460, 464, 471, 472, 501, 503, 504, 507, 511, 513, 514, 538, 539, 540, 545, 550, 551, 553, 554, 556, 568, 573, 574, 575, 576], "excluded_lines": [], "functions": {"_get_phase_name_for_assignment": {"executed_lines": [], "summary": {"covered_lines": 0, "num_statements": 8, "percent_covered": 0.0, "percent_covered_display": "0", "missing_lines": 8, "excluded_lines": 0, "percent_statements_covered": 0.0, "percent_statements_covered_display": "0"}, "missing_lines": [30, 31, 33, 34, 35, 40, 41, 42], "excluded_lines": [], "start_line": 28}, "create_assignment": {"executed_lines": [], "summary": {"covered_lines": 0, "num_statements": 12, "percent_covered": 0.0, "percent_covered_display": "0", "missing_lines": 12, "excluded_lines": 0, "percent_statements_covered": 0.0, "percent_statements_covered_display": "0"}, "missing_lines": [73, 74, 86, 87, 88, 89, 90, 92, 94, 95, 99, 100], "excluded_lines": [], "start_line": 52}, "list_assignments": {"executed_lines": [], "summary": {"covered_lines": 0, "num_statements": 19, "percent_covered": 0.0, "percent_covered_display": "0", "missing_lines": 19, "excluded_lines": 0, "percent_statements_covered": 0.0, "percent_statements_covered_display": "0"}, "missing_lines": [128, 129, 130, 140, 141, 144, 145, 146, 149, 150, 151, 152, 153, 154, 155, 156, 158, 168, 169], "excluded_lines": [], "start_line": 112}, "get_assignment": {"executed_lines": [], "summary": {"covered_lines": 0, "num_statements": 14, "percent_covered": 0.0, "percent_covered_display": "0", "missing_lines": 14, "excluded_lines": 0, "percent_statements_covered": 0.0, "percent_statements_covered_display": "0"}, "missing_lines": [197, 199, 200, 206, 207, 208, 212, 213, 215, 216, 217, 218, 219, 221], "excluded_lines": [], "start_line": 181}, "update_assignment": {"executed_lines": [], "summary": {"covered_lines": 0, "num_statements": 12, "percent_covered": 0.0, "percent_covered_display": "0", "missing_lines": 12, "excluded_lines": 0, "percent_statements_covered": 0.0, "percent_statements_covered_display": "0"}, "missing_lines": [246, 247, 256, 257, 258, 259, 260, 262, 264, 265, 269, 270], "excluded_lines": [], "start_line": 230}, "delete_assignment": {"executed_lines": [], "summary": {"covered_lines": 0, "num_statements": 7, "percent_covered": 0.0, "percent_covered_display": "0", "missing_lines": 7, "excluded_lines": 0, "percent_statements_covered": 0.0, "percent_statements_covered_display": "0"}, "missing_lines": [292, 293, 295, 300, 301, 305, 306], "excluded_lines": [], "start_line": 282}, "get_assignments_by_project": {"executed_lines": [], "summary": {"covered_lines": 0, "num_statements": 15, "percent_covered": 0.0, "percent_covered_display": "0", "missing_lines": 15, "excluded_lines": 0, "percent_statements_covered": 0.0, "percent_statements_covered_display": "0"}, "missing_lines": [328, 329, 334, 335, 336, 337, 338, 339, 340, 341, 343, 345, 346, 350, 351], "excluded_lines": [], "start_line": 318}, "get_assignments_by_resource": {"executed_lines": [], "summary": {"covered_lines": 0, "num_statements": 13, "percent_covered": 0.0, "percent_covered_display": "0", "missing_lines": 13, "excluded_lines": 0, "percent_statements_covered": 0.0, "percent_statements_covered_display": "0"}, "missing_lines": [373, 374, 379, 380, 381, 382, 383, 384, 385, 386, 388, 390, 391], "excluded_lines": [], "start_line": 363}, "get_assignments_by_date": {"executed_lines": [], "summary": {"covered_lines": 0, "num_statements": 13, "percent_covered": 0.0, "percent_covered_display": "0", "missing_lines": 13, "excluded_lines": 0, "percent_statements_covered": 0.0, "percent_statements_covered_display": "0"}, "missing_lines": [414, 415, 420, 421, 422, 423, 424, 425, 426, 427, 429, 431, 432], "excluded_lines": [], "start_line": 403}, "get_resource_allocation": {"executed_lines": [], "summary": {"covered_lines": 0, "num_statements": 5, "percent_covered": 0.0, "percent_covered_display": "0", "missing_lines": 5, "excluded_lines": 0, "percent_statements_covered": 0.0, "percent_statements_covered_display": "0"}, "missing_lines": [459, 460, 464, 471, 472], "excluded_lines": [], "start_line": 444}, "import_assignments": {"executed_lines": [], "summary": {"covered_lines": 0, "num_statements": 7, "percent_covered": 0.0, "percent_covered_display": "0", "missing_lines": 7, "excluded_lines": 0, "percent_statements_covered": 0.0, "percent_statements_covered_display": "0"}, "missing_lines": [501, 503, 504, 507, 511, 513, 514], "excluded_lines": [], "start_line": 484}, "check_allocation_conflicts": {"executed_lines": [], "summary": {"covered_lines": 0, "num_statements": 14, "percent_covered": 0.0, "percent_covered_display": "0", "missing_lines": 14, "excluded_lines": 0, "percent_statements_covered": 0.0, "percent_statements_covered_display": "0"}, "missing_lines": [538, 539, 540, 545, 550, 551, 553, 554, 556, 568, 573, 574, 575, 576], "excluded_lines": [], "start_line": 526}, "": {"executed_lines": [4, 5, 6, 8, 9, 11, 12, 13, 21, 22, 23, 25, 28, 45, 52, 106, 112, 175, 181, 224, 230, 276, 282, 312, 318, 357, 363, 397, 403, 438, 444, 478, 484, 520, 526], "summary": {"covered_lines": 35, "num_statements": 35, "percent_covered": 100.0, "percent_covered_display": "100", "missing_lines": 0, "excluded_lines": 0, "percent_statements_covered": 100.0, "percent_statements_covered_display": "100"}, "missing_lines": [], "excluded_lines": [], "start_line": 1}}, "classes": {"": {"executed_lines": [4, 5, 6, 8, 9, 11, 12, 13, 21, 22, 23, 25, 28, 45, 52, 106, 112, 175, 181, 224, 230, 276, 282, 312, 318, 357, 363, 397, 403, 438, 444, 478, 484, 520, 526], "summary": {"covered_lines": 35, "num_statements": 174, "percent_covered": 20.114942528735632, "percent_covered_display": "20", "missing_lines": 139, "excluded_lines": 0, "percent_statements_covered": 20.114942528735632, "percent_statements_covered_display": "20"}, "missing_lines": [30, 31, 33, 34, 35, 40, 41, 42, 73, 74, 86, 87, 88, 89, 90, 92, 94, 95, 99, 100, 128, 129, 130, 140, 141, 144, 145, 146, 149, 150, 151, 152, 153, 154, 155, 156, 158, 168, 169, 197, 199, 200, 206, 207, 208, 212, 213, 215, 216, 217, 218, 219, 221, 246, 247, 256, 257, 258, 259, 260, 262, 264, 265, 269, 270, 292, 293, 295, 300, 301, 305, 306, 328, 329, 334, 335, 336, 337, 338, 339, 340, 341, 343, 345, 346, 350, 351, 373, 374, 379, 380, 381, 382, 383, 384, 385, 386, 388, 390, 391, 414, 415, 420, 421, 422, 423, 424, 425, 426, 427, 429, 431, 432, 459, 460, 464, 471, 472, 501, 503, 504, 507, 511, 513, 514, 538, 539, 540, 545, 550, 551, 553, 554, 556, 568, 573, 574, 575, 576], "excluded_lines": [], "start_line": 1}}}, "app/api/v1/endpoints/audit.py": {"executed_lines": [4, 5, 6, 8, 9, 11, 12, 13, 20, 21, 22, 24, 27, 29, 30, 36, 37, 67, 70, 80, 82, 85, 88, 91, 95, 96, 99, 100, 118, 119, 120, 121, 123, 134, 135, 153, 155, 158, 159, 161, 162, 164, 176, 179, 180, 198, 200, 203, 204, 206, 207, 209, 221, 224, 225, 243, 245, 248, 249, 251, 252, 254, 266, 269, 270, 290, 292, 295, 296, 297, 299, 300, 302, 305, 306, 326, 329, 330, 332, 341, 350, 352, 355, 356, 374, 376, 379, 380, 382, 383, 385, 397, 400, 401, 417, 420, 421, 428, 430, 442, 443, 444, 447, 448, 449, 452, 453, 454, 456, 467, 468, 486, 489, 491, 502, 503, 504, 507, 508, 509, 511], "summary": {"covered_lines": 121, "num_statements": 145, "percent_covered": 83.44827586206897, "percent_covered_display": "83", "missing_lines": 24, "excluded_lines": 0, "percent_statements_covered": 83.44827586206897, "percent_statements_covered_display": "83"}, "missing_lines": [71, 72, 73, 74, 75, 76, 81, 83, 89, 92, 102, 103, 105, 333, 334, 335, 336, 342, 343, 344, 345, 422, 431, 492], "excluded_lines": [], "functions": {"check_audit_access": {"executed_lines": [29, 30], "summary": {"covered_lines": 2, "num_statements": 2, "percent_covered": 100.0, "percent_covered_display": "100", "missing_lines": 0, "excluded_lines": 0, "percent_statements_covered": 100.0, "percent_statements_covered_display": "100"}, "missing_lines": [], "excluded_lines": [], "start_line": 27}, "list_audit_logs": {"executed_lines": [67, 70, 80, 82, 85, 88, 91, 95, 96, 99, 100, 118, 119, 120, 121, 123], "summary": {"covered_lines": 16, "num_statements": 29, "percent_covered": 55.172413793103445, "percent_covered_display": "55", "missing_lines": 13, "excluded_lines": 0, "percent_statements_covered": 55.172413793103445, "percent_statements_covered_display": "55"}, "missing_lines": [71, 72, 73, 74, 75, 76, 81, 83, 89, 92, 102, 103, 105], "excluded_lines": [], "start_line": 37}, "get_entity_audit_history": {"executed_lines": [153, 155, 158, 159, 161, 162, 164, 176], "summary": {"covered_lines": 8, "num_statements": 8, "percent_covered": 100.0, "percent_covered_display": "100", "missing_lines": 0, "excluded_lines": 0, "percent_statements_covered": 100.0, "percent_statements_covered_display": "100"}, "missing_lines": [], "excluded_lines": [], "start_line": 135}, "get_user_audit_activity": {"executed_lines": [198, 200, 203, 204, 206, 207, 209, 221], "summary": {"covered_lines": 8, "num_statements": 8, "percent_covered": 100.0, "percent_covered_display": "100", "missing_lines": 0, "excluded_lines": 0, "percent_statements_covered": 100.0, "percent_statements_covered_display": "100"}, "missing_lines": [], "excluded_lines": [], "start_line": 180}, "get_permission_changes": {"executed_lines": [243, 245, 248, 249, 251, 252, 254, 266], "summary": {"covered_lines": 8, "num_statements": 8, "percent_covered": 100.0, "percent_covered_display": "100", "missing_lines": 0, "excluded_lines": 0, "percent_statements_covered": 100.0, "percent_statements_covered_display": "100"}, "missing_lines": [], "excluded_lines": [], "start_line": 225}, "get_field_change_history": {"executed_lines": [290, 292, 295, 296, 297, 299, 300, 302], "summary": {"covered_lines": 8, "num_statements": 8, "percent_covered": 100.0, "percent_covered_display": "100", "missing_lines": 0, "excluded_lines": 0, "percent_statements_covered": 100.0, "percent_statements_covered_display": "100"}, "missing_lines": [], "excluded_lines": [], "start_line": 270}, "get_audit_summary": {"executed_lines": [326, 329, 330, 332, 341, 350, 352], "summary": {"covered_lines": 7, "num_statements": 15, "percent_covered": 46.666666666666664, "percent_covered_display": "47", "missing_lines": 8, "excluded_lines": 0, "percent_statements_covered": 46.666666666666664, "percent_statements_covered_display": "47"}, "missing_lines": [333, 334, 335, 336, 342, 343, 344, 345], "excluded_lines": [], "start_line": 306}, "get_recent_changes": {"executed_lines": [374, 376, 379, 380, 382, 383, 385, 397], "summary": {"covered_lines": 8, "num_statements": 8, "percent_covered": 100.0, "percent_covered_display": "100", "missing_lines": 0, "excluded_lines": 0, "percent_statements_covered": 100.0, "percent_statements_covered_display": "100"}, "missing_lines": [], "excluded_lines": [], "start_line": 356}, "get_user_activity_summary": {"executed_lines": [417, 420, 421, 428, 430, 442, 443, 444, 447, 448, 449, 452, 453, 454, 456], "summary": {"covered_lines": 15, "num_statements": 17, "percent_covered": 88.23529411764706, "percent_covered_display": "88", "missing_lines": 2, "excluded_lines": 0, "percent_statements_covered": 88.23529411764706, "percent_statements_covered_display": "88"}, "missing_lines": [422, 431], "excluded_lines": [], "start_line": 401}, "get_entity_changes_summary": {"executed_lines": [486, 489, 491, 502, 503, 504, 507, 508, 509, 511], "summary": {"covered_lines": 10, "num_statements": 11, "percent_covered": 90.9090909090909, "percent_covered_display": "91", "missing_lines": 1, "excluded_lines": 0, "percent_statements_covered": 90.9090909090909, "percent_statements_covered_display": "91"}, "missing_lines": [492], "excluded_lines": [], "start_line": 468}, "": {"executed_lines": [4, 5, 6, 8, 9, 11, 12, 13, 20, 21, 22, 24, 27, 36, 37, 134, 135, 179, 180, 224, 225, 269, 270, 305, 306, 355, 356, 400, 401, 467, 468], "summary": {"covered_lines": 31, "num_statements": 31, "percent_covered": 100.0, "percent_covered_display": "100", "missing_lines": 0, "excluded_lines": 0, "percent_statements_covered": 100.0, "percent_statements_covered_display": "100"}, "missing_lines": [], "excluded_lines": [], "start_line": 1}}, "classes": {"": {"executed_lines": [4, 5, 6, 8, 9, 11, 12, 13, 20, 21, 22, 24, 27, 29, 30, 36, 37, 67, 70, 80, 82, 85, 88, 91, 95, 96, 99, 100, 118, 119, 120, 121, 123, 134, 135, 153, 155, 158, 159, 161, 162, 164, 176, 179, 180, 198, 200, 203, 204, 206, 207, 209, 221, 224, 225, 243, 245, 248, 249, 251, 252, 254, 266, 269, 270, 290, 292, 295, 296, 297, 299, 300, 302, 305, 306, 326, 329, 330, 332, 341, 350, 352, 355, 356, 374, 376, 379, 380, 382, 383, 385, 397, 400, 401, 417, 420, 421, 428, 430, 442, 443, 444, 447, 448, 449, 452, 453, 454, 456, 467, 468, 486, 489, 491, 502, 503, 504, 507, 508, 509, 511], "summary": {"covered_lines": 121, "num_statements": 145, "percent_covered": 83.44827586206897, "percent_covered_display": "83", "missing_lines": 24, "excluded_lines": 0, "percent_statements_covered": 83.44827586206897, "percent_statements_covered_display": "83"}, "missing_lines": [71, 72, 73, 74, 75, 76, 81, 83, 89, 92, 102, 103, 105, 333, 334, 335, 336, 342, 343, 344, 345, 422, 431, 492], "excluded_lines": [], "start_line": 1}}}, "app/api/v1/endpoints/auth.py": {"executed_lines": [4, 5, 7, 8, 10, 11, 12, 24, 25, 26, 27, 28, 30, 33, 34, 52, 53, 54, 61, 62, 64, 65, 71, 72, 74, 83, 86, 90, 97, 108, 109, 126, 128, 129, 135, 142, 145, 146, 170, 173, 174, 193, 200, 201, 206, 209, 210, 230, 234, 235, 241, 242, 244, 251, 252, 253, 255, 288, 295, 303, 310, 318, 319, 334, 335, 338, 340], "summary": {"covered_lines": 67, "num_statements": 87, "percent_covered": 77.01149425287356, "percent_covered_display": "77", "missing_lines": 20, "excluded_lines": 0, "percent_statements_covered": 77.01149425287356, "percent_statements_covered_display": "77"}, "missing_lines": [75, 80, 245, 256, 257, 259, 261, 262, 263, 264, 265, 267, 268, 269, 270, 272, 277, 280, 281, 285], "excluded_lines": [], "functions": {"login": {"executed_lines": [52, 53, 54, 61, 62, 64, 65, 71, 72, 74, 83, 86, 90, 97], "summary": {"covered_lines": 14, "num_statements": 16, "percent_covered": 87.5, "percent_covered_display": "88", "missing_lines": 2, "excluded_lines": 0, "percent_statements_covered": 87.5, "percent_statements_covered_display": "88"}, "missing_lines": [75, 80], "excluded_lines": [], "start_line": 34}, "refresh_token": {"executed_lines": [126, 128, 129, 135, 142], "summary": {"covered_lines": 5, "num_statements": 5, "percent_covered": 100.0, "percent_covered_display": "100", "missing_lines": 0, "excluded_lines": 0, "percent_statements_covered": 100.0, "percent_statements_covered_display": "100"}, "missing_lines": [], "excluded_lines": [], "start_line": 109}, "logout": {"executed_lines": [170], "summary": {"covered_lines": 1, "num_statements": 1, "percent_covered": 100.0, "percent_covered_display": "100", "missing_lines": 0, "excluded_lines": 0, "percent_statements_covered": 100.0, "percent_statements_covered_display": "100"}, "missing_lines": [], "excluded_lines": [], "start_line": 146}, "change_password": {"executed_lines": [193, 200, 201, 206], "summary": {"covered_lines": 4, "num_statements": 4, "percent_covered": 100.0, "percent_covered_display": "100", "missing_lines": 0, "excluded_lines": 0, "percent_statements_covered": 100.0, "percent_statements_covered_display": "100"}, "missing_lines": [], "excluded_lines": [], "start_line": 174}, "switch_role": {"executed_lines": [230, 234, 235, 241, 242, 244, 251, 252, 253, 255, 288, 295, 303, 310], "summary": {"covered_lines": 14, "num_statements": 32, "percent_covered": 43.75, "percent_covered_display": "44", "missing_lines": 18, "excluded_lines": 0, "percent_statements_covered": 43.75, "percent_statements_covered_display": "44"}, "missing_lines": [245, 256, 257, 259, 261, 262, 263, 264, 265, 267, 268, 269, 270, 272, 277, 280, 281, 285], "excluded_lines": [], "start_line": 210}, "get_current_user_info": {"executed_lines": [334, 335, 338, 340], "summary": {"covered_lines": 4, "num_statements": 4, "percent_covered": 100.0, "percent_covered_display": "100", "missing_lines": 0, "excluded_lines": 0, "percent_statements_covered": 100.0, "percent_statements_covered_display": "100"}, "missing_lines": [], "excluded_lines": [], "start_line": 319}, "": {"executed_lines": [4, 5, 7, 8, 10, 11, 12, 24, 25, 26, 27, 28, 30, 33, 34, 108, 109, 145, 146, 173, 174, 209, 210, 318, 319], "summary": {"covered_lines": 25, "num_statements": 25, "percent_covered": 100.0, "percent_covered_display": "100", "missing_lines": 0, "excluded_lines": 0, "percent_statements_covered": 100.0, "percent_statements_covered_display": "100"}, "missing_lines": [], "excluded_lines": [], "start_line": 1}}, "classes": {"": {"executed_lines": [4, 5, 7, 8, 10, 11, 12, 24, 25, 26, 27, 28, 30, 33, 34, 52, 53, 54, 61, 62, 64, 65, 71, 72, 74, 83, 86, 90, 97, 108, 109, 126, 128, 129, 135, 142, 145, 146, 170, 173, 174, 193, 200, 201, 206, 209, 210, 230, 234, 235, 241, 242, 244, 251, 252, 253, 255, 288, 295, 303, 310, 318, 319, 334, 335, 338, 340], "summary": {"covered_lines": 67, "num_statements": 87, "percent_covered": 77.01149425287356, "percent_covered_display": "77", "missing_lines": 20, "excluded_lines": 0, "percent_statements_covered": 77.01149425287356, "percent_statements_covered_display": "77"}, "missing_lines": [75, 80, 245, 256, 257, 259, 261, 262, 263, 264, 265, 267, 268, 269, 270, 272, 277, 280, 281, 285], "excluded_lines": [], "start_line": 1}}}, "app/api/v1/endpoints/phases.py": {"executed_lines": [4, 5, 7, 8, 10, 11, 12, 20, 21, 22, 24, 27, 117, 143, 145, 159, 165, 167, 172, 173, 185, 239, 270, 311, 328, 329, 331, 332, 333, 338, 340, 341, 349, 448, 470, 471, 472, 475, 476, 483, 494, 495, 501, 512, 583, 603, 604, 609, 611, 612], "summary": {"covered_lines": 50, "num_statements": 69, "percent_covered": 72.46376811594203, "percent_covered_display": "72", "missing_lines": 19, "excluded_lines": 0, "percent_statements_covered": 72.46376811594203, "percent_statements_covered_display": "72"}, "missing_lines": [168, 178, 179, 255, 256, 258, 259, 261, 263, 264, 342, 343, 477, 503, 504, 505, 506, 616, 617], "excluded_lines": [], "functions": {"batch_update_phases": {"executed_lines": [143, 145, 159, 165, 167, 172, 173], "summary": {"covered_lines": 7, "num_statements": 10, "percent_covered": 70.0, "percent_covered_display": "70", "missing_lines": 3, "excluded_lines": 0, "percent_statements_covered": 70.0, "percent_statements_covered_display": "70"}, "missing_lines": [168, 178, 179], "excluded_lines": [], "start_line": 117}, "list_phases": {"executed_lines": [], "summary": {"covered_lines": 0, "num_statements": 7, "percent_covered": 0.0, "percent_covered_display": "0", "missing_lines": 7, "excluded_lines": 0, "percent_statements_covered": 0.0, "percent_statements_covered_display": "0"}, "missing_lines": [255, 256, 258, 259, 261, 263, 264], "excluded_lines": [], "start_line": 239}, "get_phase": {"executed_lines": [328, 329, 331, 332, 333, 338, 340, 341], "summary": {"covered_lines": 8, "num_statements": 10, "percent_covered": 80.0, "percent_covered_display": "80", "missing_lines": 2, "excluded_lines": 0, "percent_statements_covered": 80.0, "percent_statements_covered_display": "80"}, "missing_lines": [342, 343], "excluded_lines": [], "start_line": 311}, "validate_phases": {"executed_lines": [470, 471, 472, 475, 476, 483, 494, 495, 501], "summary": {"covered_lines": 9, "num_statements": 14, "percent_covered": 64.28571428571429, "percent_covered_display": "64", "missing_lines": 5, "excluded_lines": 0, "percent_statements_covered": 64.28571428571429, "percent_statements_covered_display": "64"}, "missing_lines": [477, 503, 504, 505, 506], "excluded_lines": [], "start_line": 448}, "get_phase_assignments": {"executed_lines": [603, 604, 609, 611, 612], "summary": {"covered_lines": 5, "num_statements": 7, "percent_covered": 71.42857142857143, "percent_covered_display": "71", "missing_lines": 2, "excluded_lines": 0, "percent_statements_covered": 71.42857142857143, "percent_statements_covered_display": "71"}, "missing_lines": [616, 617], "excluded_lines": [], "start_line": 583}, "": {"executed_lines": [4, 5, 7, 8, 10, 11, 12, 20, 21, 22, 24, 27, 117, 185, 239, 270, 311, 349, 448, 512, 583], "summary": {"covered_lines": 21, "num_statements": 21, "percent_covered": 100.0, "percent_covered_display": "100", "missing_lines": 0, "excluded_lines": 0, "percent_statements_covered": 100.0, "percent_statements_covered_display": "100"}, "missing_lines": [], "excluded_lines": [], "start_line": 1}}, "classes": {"": {"executed_lines": [4, 5, 7, 8, 10, 11, 12, 20, 21, 22, 24, 27, 117, 143, 145, 159, 165, 167, 172, 173, 185, 239, 270, 311, 328, 329, 331, 332, 333, 338, 340, 341, 349, 448, 470, 471, 472, 475, 476, 483, 494, 495, 501, 512, 583, 603, 604, 609, 611, 612], "summary": {"covered_lines": 50, "num_statements": 69, "percent_covered": 72.46376811594203, "percent_covered_display": "72", "missing_lines": 19, "excluded_lines": 0, "percent_statements_covered": 72.46376811594203, "percent_statements_covered_display": "72"}, "missing_lines": [168, 178, 179, 255, 256, 258, 259, 261, 263, 264, 342, 343, 477, 503, 504, 505, 506, 616, 617], "excluded_lines": [], "start_line": 1}}}, "app/api/v1/endpoints/programs.py": {"executed_lines": [4, 5, 6, 8, 9, 11, 12, 13, 20, 21, 23, 26, 33, 52, 53, 65, 66, 68, 70, 71, 82, 88, 110, 112, 114, 116, 118, 121, 122, 131, 132, 135, 136, 137, 140, 141, 142, 143, 144, 146, 163, 169, 182, 184, 185, 190, 191, 193, 196, 202, 210, 212, 218, 219, 221, 224, 230, 242, 243, 255, 256, 258, 272, 278, 288, 289, 291, 308, 314, 324, 326, 333, 334, 344, 347, 353, 363, 365, 371], "summary": {"covered_lines": 79, "num_statements": 99, "percent_covered": 79.79797979797979, "percent_covered_display": "80", "missing_lines": 20, "excluded_lines": 0, "percent_statements_covered": 79.79797979797979, "percent_statements_covered_display": "80"}, "missing_lines": [75, 76, 113, 115, 117, 119, 156, 157, 213, 260, 261, 265, 266, 296, 297, 301, 302, 327, 335, 366], "excluded_lines": [], "functions": {"create_program": {"executed_lines": [52, 53, 65, 66, 68, 70, 71], "summary": {"covered_lines": 7, "num_statements": 9, "percent_covered": 77.77777777777777, "percent_covered_display": "78", "missing_lines": 2, "excluded_lines": 0, "percent_statements_covered": 77.77777777777777, "percent_statements_covered_display": "78"}, "missing_lines": [75, 76], "excluded_lines": [], "start_line": 33}, "list_programs": {"executed_lines": [110, 112, 114, 116, 118, 121, 122, 131, 132, 135, 136, 137, 140, 141, 142, 143, 144, 146], "summary": {"covered_lines": 18, "num_statements": 24, "percent_covered": 75.0, "percent_covered_display": "75", "missing_lines": 6, "excluded_lines": 0, "percent_statements_covered": 75.0, "percent_statements_covered_display": "75"}, "missing_lines": [113, 115, 117, 119, 156, 157], "excluded_lines": [], "start_line": 88}, "get_program": {"executed_lines": [182, 184, 185, 190, 191, 193], "summary": {"covered_lines": 6, "num_statements": 6, "percent_covered": 100.0, "percent_covered_display": "100", "missing_lines": 0, "excluded_lines": 0, "percent_statements_covered": 100.0, "percent_statements_covered_display": "100"}, "missing_lines": [], "excluded_lines": [], "start_line": 169}, "get_program_by_name": {"executed_lines": [210, 212, 218, 219, 221], "summary": {"covered_lines": 5, "num_statements": 6, "percent_covered": 83.33333333333333, "percent_covered_display": "83", "missing_lines": 1, "excluded_lines": 0, "percent_statements_covered": 83.33333333333333, "percent_statements_covered_display": "83"}, "missing_lines": [213], "excluded_lines": [], "start_line": 202}, "update_program": {"executed_lines": [242, 243, 255, 256, 258], "summary": {"covered_lines": 5, "num_statements": 9, "percent_covered": 55.55555555555556, "percent_covered_display": "56", "missing_lines": 4, "excluded_lines": 0, "percent_statements_covered": 55.55555555555556, "percent_statements_covered_display": "56"}, "missing_lines": [260, 261, 265, 266], "excluded_lines": [], "start_line": 230}, "delete_program": {"executed_lines": [288, 289, 291], "summary": {"covered_lines": 3, "num_statements": 7, "percent_covered": 42.857142857142854, "percent_covered_display": "43", "missing_lines": 4, "excluded_lines": 0, "percent_statements_covered": 42.857142857142854, "percent_statements_covered_display": "43"}, "missing_lines": [296, 297, 301, 302], "excluded_lines": [], "start_line": 278}, "get_program_projects": {"executed_lines": [324, 326, 333, 334, 344], "summary": {"covered_lines": 5, "num_statements": 7, "percent_covered": 71.42857142857143, "percent_covered_display": "71", "missing_lines": 2, "excluded_lines": 0, "percent_statements_covered": 71.42857142857143, "percent_statements_covered_display": "71"}, "missing_lines": [327, 335], "excluded_lines": [], "start_line": 314}, "get_program_summary": {"executed_lines": [363, 365, 371], "summary": {"covered_lines": 3, "num_statements": 4, "percent_covered": 75.0, "percent_covered_display": "75", "missing_lines": 1, "excluded_lines": 0, "percent_statements_covered": 75.0, "percent_statements_covered_display": "75"}, "missing_lines": [366], "excluded_lines": [], "start_line": 353}, "": {"executed_lines": [4, 5, 6, 8, 9, 11, 12, 13, 20, 21, 23, 26, 33, 82, 88, 163, 169, 196, 202, 224, 230, 272, 278, 308, 314, 347, 353], "summary": {"covered_lines": 27, "num_statements": 27, "percent_covered": 100.0, "percent_covered_display": "100", "missing_lines": 0, "excluded_lines": 0, "percent_statements_covered": 100.0, "percent_statements_covered_display": "100"}, "missing_lines": [], "excluded_lines": [], "start_line": 1}}, "classes": {"": {"executed_lines": [4, 5, 6, 8, 9, 11, 12, 13, 20, 21, 23, 26, 33, 52, 53, 65, 66, 68, 70, 71, 82, 88, 110, 112, 114, 116, 118, 121, 122, 131, 132, 135, 136, 137, 140, 141, 142, 143, 144, 146, 163, 169, 182, 184, 185, 190, 191, 193, 196, 202, 210, 212, 218, 219, 221, 224, 230, 242, 243, 255, 256, 258, 272, 278, 288, 289, 291, 308, 314, 324, 326, 333, 334, 344, 347, 353, 363, 365, 371], "summary": {"covered_lines": 79, "num_statements": 99, "percent_covered": 79.79797979797979, "percent_covered_display": "80", "missing_lines": 20, "excluded_lines": 0, "percent_statements_covered": 79.79797979797979, "percent_statements_covered_display": "80"}, "missing_lines": [75, 76, 113, 115, 117, 119, 156, 157, 213, 260, 261, 265, 266, 296, 297, 301, 302, 327, 335, 366], "excluded_lines": [], "start_line": 1}}}, "app/api/v1/endpoints/projects.py": {"executed_lines": [4, 5, 6, 7, 9, 10, 12, 13, 14, 24, 25, 26, 28, 31, 38, 70, 71, 89, 90, 91, 92, 93, 95, 97, 98, 109, 115, 134, 136, 137, 138, 139, 140, 141, 143, 144, 153, 154, 157, 158, 159, 162, 163, 164, 165, 166, 167, 168, 169, 171, 188, 194, 209, 211, 212, 217, 218, 219, 220, 221, 223, 226, 232, 240, 242, 248, 249, 250, 251, 252, 254, 257, 263, 275, 276, 289, 290, 291, 292, 293, 295, 297, 298, 309, 315, 325, 326, 328, 347, 353, 363, 365, 367, 373, 374, 376, 379, 385, 406, 412, 433, 440, 474, 480, 515, 521, 554, 559, 574, 575, 582, 596, 601, 612, 613, 620, 634, 639, 677, 682, 718, 723, 759, 765, 775, 777, 783], "summary": {"covered_lines": 127, "num_statements": 198, "percent_covered": 64.14141414141415, "percent_covered_display": "64", "missing_lines": 71, "excluded_lines": 0, "percent_statements_covered": 64.14141414141415, "percent_statements_covered_display": "64"}, "missing_lines": [102, 103, 181, 182, 243, 302, 303, 333, 334, 338, 339, 368, 395, 397, 398, 403, 422, 424, 425, 430, 452, 453, 460, 462, 463, 467, 468, 493, 494, 501, 503, 504, 508, 509, 532, 533, 535, 540, 541, 545, 546, 584, 585, 589, 590, 622, 623, 627, 628, 653, 654, 663, 665, 666, 670, 671, 695, 696, 704, 706, 707, 711, 712, 736, 737, 745, 747, 748, 752, 753, 778], "excluded_lines": [], "functions": {"create_project": {"executed_lines": [70, 71, 89, 90, 91, 92, 93, 95, 97, 98], "summary": {"covered_lines": 10, "num_statements": 12, "percent_covered": 83.33333333333333, "percent_covered_display": "83", "missing_lines": 2, "excluded_lines": 0, "percent_statements_covered": 83.33333333333333, "percent_statements_covered_display": "83"}, "missing_lines": [102, 103], "excluded_lines": [], "start_line": 38}, "list_projects": {"executed_lines": [134, 136, 137, 138, 139, 140, 141, 143, 144, 153, 154, 157, 158, 159, 162, 163, 164, 165, 166, 167, 168, 169, 171], "summary": {"covered_lines": 23, "num_statements": 25, "percent_covered": 92.0, "percent_covered_display": "92", "missing_lines": 2, "excluded_lines": 0, "percent_statements_covered": 92.0, "percent_statements_covered_display": "92"}, "missing_lines": [181, 182], "excluded_lines": [], "start_line": 115}, "get_project": {"executed_lines": [209, 211, 212, 217, 218, 219, 220, 221, 223], "summary": {"covered_lines": 9, "num_statements": 9, "percent_covered": 100.0, "percent_covered_display": "100", "missing_lines": 0, "excluded_lines": 0, "percent_statements_covered": 100.0, "percent_statements_covered_display": "100"}, "missing_lines": [], "excluded_lines": [], "start_line": 194}, "get_project_by_cost_center": {"executed_lines": [240, 242, 248, 249, 250, 251, 252, 254], "summary": {"covered_lines": 8, "num_statements": 9, "percent_covered": 88.88888888888889, "percent_covered_display": "89", "missing_lines": 1, "excluded_lines": 0, "percent_statements_covered": 88.88888888888889, "percent_statements_covered_display": "89"}, "missing_lines": [243], "excluded_lines": [], "start_line": 232}, "update_project": {"executed_lines": [275, 276, 289, 290, 291, 292, 293, 295, 297, 298], "summary": {"covered_lines": 10, "num_statements": 12, "percent_covered": 83.33333333333333, "percent_covered_display": "83", "missing_lines": 2, "excluded_lines": 0, "percent_statements_covered": 83.33333333333333, "percent_statements_covered_display": "83"}, "missing_lines": [302, 303], "excluded_lines": [], "start_line": 263}, "delete_project": {"executed_lines": [325, 326, 328], "summary": {"covered_lines": 3, "num_statements": 7, "percent_covered": 42.857142857142854, "percent_covered_display": "43", "missing_lines": 4, "excluded_lines": 0, "percent_statements_covered": 42.857142857142854, "percent_statements_covered_display": "43"}, "missing_lines": [333, 334, 338, 339], "excluded_lines": [], "start_line": 315}, "get_project_phases": {"executed_lines": [363, 365, 367, 373, 374, 376], "summary": {"covered_lines": 6, "num_statements": 7, "percent_covered": 85.71428571428571, "percent_covered_display": "86", "missing_lines": 1, "excluded_lines": 0, "percent_statements_covered": 85.71428571428571, "percent_statements_covered_display": "86"}, "missing_lines": [368], "excluded_lines": [], "start_line": 353}, "get_execution_phase": {"executed_lines": [], "summary": {"covered_lines": 0, "num_statements": 4, "percent_covered": 0.0, "percent_covered_display": "0", "missing_lines": 4, "excluded_lines": 0, "percent_statements_covered": 0.0, "percent_statements_covered_display": "0"}, "missing_lines": [395, 397, 398, 403], "excluded_lines": [], "start_line": 385}, "get_planning_phase": {"executed_lines": [], "summary": {"covered_lines": 0, "num_statements": 4, "percent_covered": 0.0, "percent_covered_display": "0", "missing_lines": 4, "excluded_lines": 0, "percent_statements_covered": 0.0, "percent_statements_covered_display": "0"}, "missing_lines": [422, 424, 425, 430], "excluded_lines": [], "start_line": 412}, "create_planning_phase": {"executed_lines": [], "summary": {"covered_lines": 0, "num_statements": 7, "percent_covered": 0.0, "percent_covered_display": "0", "missing_lines": 7, "excluded_lines": 0, "percent_statements_covered": 0.0, "percent_statements_covered_display": "0"}, "missing_lines": [452, 453, 460, 462, 463, 467, 468], "excluded_lines": [], "start_line": 440}, "update_phase_budget": {"executed_lines": [], "summary": {"covered_lines": 0, "num_statements": 7, "percent_covered": 0.0, "percent_covered_display": "0", "missing_lines": 7, "excluded_lines": 0, "percent_statements_covered": 0.0, "percent_statements_covered_display": "0"}, "missing_lines": [493, 494, 501, 503, 504, 508, 509], "excluded_lines": [], "start_line": 480}, "delete_planning_phase": {"executed_lines": [], "summary": {"covered_lines": 0, "num_statements": 7, "percent_covered": 0.0, "percent_covered_display": "0", "missing_lines": 7, "excluded_lines": 0, "percent_statements_covered": 0.0, "percent_statements_covered_display": "0"}, "missing_lines": [532, 533, 535, 540, 541, 545, 546], "excluded_lines": [], "start_line": 521}, "get_project_report": {"executed_lines": [574, 575, 582], "summary": {"covered_lines": 3, "num_statements": 7, "percent_covered": 42.857142857142854, "percent_covered_display": "43", "missing_lines": 4, "excluded_lines": 0, "percent_statements_covered": 42.857142857142854, "percent_statements_covered_display": "43"}, "missing_lines": [584, 585, 589, 590], "excluded_lines": [], "start_line": 559}, "get_project_budget_status": {"executed_lines": [612, 613, 620], "summary": {"covered_lines": 3, "num_statements": 7, "percent_covered": 42.857142857142854, "percent_covered_display": "43", "missing_lines": 4, "excluded_lines": 0, "percent_statements_covered": 42.857142857142854, "percent_statements_covered_display": "43"}, "missing_lines": [622, 623, 627, 628], "excluded_lines": [], "start_line": 601}, "get_project_variance": {"executed_lines": [], "summary": {"covered_lines": 0, "num_statements": 7, "percent_covered": 0.0, "percent_covered_display": "0", "missing_lines": 7, "excluded_lines": 0, "percent_statements_covered": 0.0, "percent_statements_covered_display": "0"}, "missing_lines": [653, 654, 663, 665, 666, 670, 671], "excluded_lines": [], "start_line": 639}, "get_project_time_series": {"executed_lines": [], "summary": {"covered_lines": 0, "num_statements": 7, "percent_covered": 0.0, "percent_covered_display": "0", "missing_lines": 7, "excluded_lines": 0, "percent_statements_covered": 0.0, "percent_statements_covered_display": "0"}, "missing_lines": [695, 696, 704, 706, 707, 711, 712], "excluded_lines": [], "start_line": 682}, "get_project_drill_down": {"executed_lines": [], "summary": {"covered_lines": 0, "num_statements": 7, "percent_covered": 0.0, "percent_covered_display": "0", "missing_lines": 7, "excluded_lines": 0, "percent_statements_covered": 0.0, "percent_statements_covered_display": "0"}, "missing_lines": [736, 737, 745, 747, 748, 752, 753], "excluded_lines": [], "start_line": 723}, "get_project_summary": {"executed_lines": [775, 777, 783], "summary": {"covered_lines": 3, "num_statements": 4, "percent_covered": 75.0, "percent_covered_display": "75", "missing_lines": 1, "excluded_lines": 0, "percent_statements_covered": 75.0, "percent_statements_covered_display": "75"}, "missing_lines": [778], "excluded_lines": [], "start_line": 765}, "": {"executed_lines": [4, 5, 6, 7, 9, 10, 12, 13, 14, 24, 25, 26, 28, 31, 38, 109, 115, 188, 194, 226, 232, 257, 263, 309, 315, 347, 353, 379, 385, 406, 412, 433, 440, 474, 480, 515, 521, 554, 559, 596, 601, 634, 639, 677, 682, 718, 723, 759, 765], "summary": {"covered_lines": 49, "num_statements": 49, "percent_covered": 100.0, "percent_covered_display": "100", "missing_lines": 0, "excluded_lines": 0, "percent_statements_covered": 100.0, "percent_statements_covered_display": "100"}, "missing_lines": [], "excluded_lines": [], "start_line": 1}}, "classes": {"": {"executed_lines": [4, 5, 6, 7, 9, 10, 12, 13, 14, 24, 25, 26, 28, 31, 38, 70, 71, 89, 90, 91, 92, 93, 95, 97, 98, 109, 115, 134, 136, 137, 138, 139, 140, 141, 143, 144, 153, 154, 157, 158, 159, 162, 163, 164, 165, 166, 167, 168, 169, 171, 188, 194, 209, 211, 212, 217, 218, 219, 220, 221, 223, 226, 232, 240, 242, 248, 249, 250, 251, 252, 254, 257, 263, 275, 276, 289, 290, 291, 292, 293, 295, 297, 298, 309, 315, 325, 326, 328, 347, 353, 363, 365, 367, 373, 374, 376, 379, 385, 406, 412, 433, 440, 474, 480, 515, 521, 554, 559, 574, 575, 582, 596, 601, 612, 613, 620, 634, 639, 677, 682, 718, 723, 759, 765, 775, 777, 783], "summary": {"covered_lines": 127, "num_statements": 198, "percent_covered": 64.14141414141415, "percent_covered_display": "64", "missing_lines": 71, "excluded_lines": 0, "percent_statements_covered": 64.14141414141415, "percent_statements_covered_display": "64"}, "missing_lines": [102, 103, 181, 182, 243, 302, 303, 333, 334, 338, 339, 368, 395, 397, 398, 403, 422, 424, 425, 430, 452, 453, 460, 462, 463, 467, 468, 493, 494, 501, 503, 504, 508, 509, 532, 533, 535, 540, 541, 545, 546, 584, 585, 589, 590, 622, 623, 627, 628, 653, 654, 663, 665, 666, 670, 671, 695, 696, 704, 706, 707, 711, 712, 736, 737, 745, 747, 748, 752, 753, 778], "excluded_lines": [], "start_line": 1}}}, "app/api/v1/endpoints/rates.py": {"executed_lines": [4, 5, 6, 7, 9, 10, 12, 13, 14, 23, 24, 26, 29, 36, 82, 88, 141, 147, 176, 182, 207, 213, 240, 246, 291, 297, 328, 334, 373, 379, 415, 421], "summary": {"covered_lines": 32, "num_statements": 127, "percent_covered": 25.19685039370079, "percent_covered_display": "25", "missing_lines": 95, "excluded_lines": 0, "percent_statements_covered": 25.19685039370079, "percent_statements_covered_display": "25"}, "missing_lines": [54, 55, 64, 65, 66, 68, 70, 71, 75, 76, 100, 101, 102, 105, 108, 109, 112, 113, 114, 117, 118, 119, 120, 121, 122, 124, 134, 135, 161, 163, 164, 169, 170, 171, 173, 192, 194, 195, 200, 201, 202, 204, 224, 226, 227, 228, 233, 234, 235, 237, 257, 258, 259, 264, 267, 270, 271, 272, 283, 309, 310, 315, 318, 319, 320, 321, 322, 323, 325, 347, 348, 355, 356, 357, 359, 361, 362, 366, 367, 388, 389, 391, 392, 397, 398, 399, 401, 403, 404, 408, 409, 432, 434, 435, 443], "excluded_lines": [], "functions": {"create_rate": {"executed_lines": [], "summary": {"covered_lines": 0, "num_statements": 10, "percent_covered": 0.0, "percent_covered_display": "0", "missing_lines": 10, "excluded_lines": 0, "percent_statements_covered": 0.0, "percent_statements_covered_display": "0"}, "missing_lines": [54, 55, 64, 65, 66, 68, 70, 71, 75, 76], "excluded_lines": [], "start_line": 36}, "list_rates": {"executed_lines": [], "summary": {"covered_lines": 0, "num_statements": 18, "percent_covered": 0.0, "percent_covered_display": "0", "missing_lines": 18, "excluded_lines": 0, "percent_statements_covered": 0.0, "percent_statements_covered_display": "0"}, "missing_lines": [100, 101, 102, 105, 108, 109, 112, 113, 114, 117, 118, 119, 120, 121, 122, 124, 134, 135], "excluded_lines": [], "start_line": 88}, "get_rate": {"executed_lines": [], "summary": {"covered_lines": 0, "num_statements": 7, "percent_covered": 0.0, "percent_covered_display": "0", "missing_lines": 7, "excluded_lines": 0, "percent_statements_covered": 0.0, "percent_statements_covered_display": "0"}, "missing_lines": [161, 163, 164, 169, 170, 171, 173], "excluded_lines": [], "start_line": 147}, "get_current_rate": {"executed_lines": [], "summary": {"covered_lines": 0, "num_statements": 7, "percent_covered": 0.0, "percent_covered_display": "0", "missing_lines": 7, "excluded_lines": 0, "percent_statements_covered": 0.0, "percent_statements_covered_display": "0"}, "missing_lines": [192, 194, 195, 200, 201, 202, 204], "excluded_lines": [], "start_line": 182}, "get_active_rate": {"executed_lines": [], "summary": {"covered_lines": 0, "num_statements": 8, "percent_covered": 0.0, "percent_covered_display": "0", "missing_lines": 8, "excluded_lines": 0, "percent_statements_covered": 0.0, "percent_statements_covered_display": "0"}, "missing_lines": [224, 226, 227, 228, 233, 234, 235, 237], "excluded_lines": [], "start_line": 213}, "get_rate_history": {"executed_lines": [], "summary": {"covered_lines": 0, "num_statements": 9, "percent_covered": 0.0, "percent_covered_display": "0", "missing_lines": 9, "excluded_lines": 0, "percent_statements_covered": 0.0, "percent_statements_covered_display": "0"}, "missing_lines": [257, 258, 259, 264, 267, 270, 271, 272, 283], "excluded_lines": [], "start_line": 246}, "get_rates_in_date_range": {"executed_lines": [], "summary": {"covered_lines": 0, "num_statements": 10, "percent_covered": 0.0, "percent_covered_display": "0", "missing_lines": 10, "excluded_lines": 0, "percent_statements_covered": 0.0, "percent_statements_covered_display": "0"}, "missing_lines": [309, 310, 315, 318, 319, 320, 321, 322, 323, 325], "excluded_lines": [], "start_line": 297}, "update_rate": {"executed_lines": [], "summary": {"covered_lines": 0, "num_statements": 10, "percent_covered": 0.0, "percent_covered_display": "0", "missing_lines": 10, "excluded_lines": 0, "percent_statements_covered": 0.0, "percent_statements_covered_display": "0"}, "missing_lines": [347, 348, 355, 356, 357, 359, 361, 362, 366, 367], "excluded_lines": [], "start_line": 334}, "close_rate": {"executed_lines": [], "summary": {"covered_lines": 0, "num_statements": 12, "percent_covered": 0.0, "percent_covered_display": "0", "missing_lines": 12, "excluded_lines": 0, "percent_statements_covered": 0.0, "percent_statements_covered_display": "0"}, "missing_lines": [388, 389, 391, 392, 397, 398, 399, 401, 403, 404, 408, 409], "excluded_lines": [], "start_line": 379}, "check_effective_rate": {"executed_lines": [], "summary": {"covered_lines": 0, "num_statements": 4, "percent_covered": 0.0, "percent_covered_display": "0", "missing_lines": 4, "excluded_lines": 0, "percent_statements_covered": 0.0, "percent_statements_covered_display": "0"}, "missing_lines": [432, 434, 435, 443], "excluded_lines": [], "start_line": 421}, "": {"executed_lines": [4, 5, 6, 7, 9, 10, 12, 13, 14, 23, 24, 26, 29, 36, 82, 88, 141, 147, 176, 182, 207, 213, 240, 246, 291, 297, 328, 334, 373, 379, 415, 421], "summary": {"covered_lines": 32, "num_statements": 32, "percent_covered": 100.0, "percent_covered_display": "100", "missing_lines": 0, "excluded_lines": 0, "percent_statements_covered": 100.0, "percent_statements_covered_display": "100"}, "missing_lines": [], "excluded_lines": [], "start_line": 1}}, "classes": {"": {"executed_lines": [4, 5, 6, 7, 9, 10, 12, 13, 14, 23, 24, 26, 29, 36, 82, 88, 141, 147, 176, 182, 207, 213, 240, 246, 291, 297, 328, 334, 373, 379, 415, 421], "summary": {"covered_lines": 32, "num_statements": 127, "percent_covered": 25.19685039370079, "percent_covered_display": "25", "missing_lines": 95, "excluded_lines": 0, "percent_statements_covered": 25.19685039370079, "percent_statements_covered_display": "25"}, "missing_lines": [54, 55, 64, 65, 66, 68, 70, 71, 75, 76, 100, 101, 102, 105, 108, 109, 112, 113, 114, 117, 118, 119, 120, 121, 122, 124, 134, 135, 161, 163, 164, 169, 170, 171, 173, 192, 194, 195, 200, 201, 202, 204, 224, 226, 227, 228, 233, 234, 235, 237, 257, 258, 259, 264, 267, 270, 271, 272, 283, 309, 310, 315, 318, 319, 320, 321, 322, 323, 325, 347, 348, 355, 356, 357, 359, 361, 362, 366, 367, 388, 389, 391, 392, 397, 398, 399, 401, 403, 404, 408, 409, 432, 434, 435, 443], "excluded_lines": [], "start_line": 1}}}, "app/api/v1/endpoints/reports.py": {"executed_lines": [4, 5, 6, 7, 9, 10, 12, 13, 14, 15, 17, 20, 25, 36, 37, 42, 43, 44, 50, 55, 66, 67, 72, 73, 74, 80, 85, 102, 103, 108, 109, 115, 123, 128, 140, 141, 146, 147, 153, 161, 166, 178, 179, 185, 193, 198, 210, 211, 217, 225, 230, 247, 253, 254, 260, 268, 273, 286, 287, 292, 298, 299, 306, 314, 319, 332, 338, 344, 345, 352, 360, 365, 379, 385, 386, 394, 402, 407, 421, 427, 428, 430, 439], "summary": {"covered_lines": 83, "num_statements": 107, "percent_covered": 77.57009345794393, "percent_covered_display": "78", "missing_lines": 24, "excluded_lines": 0, "percent_statements_covered": 77.57009345794393, "percent_statements_covered_display": "78"}, "missing_lines": [116, 117, 154, 155, 186, 187, 218, 219, 248, 261, 262, 293, 307, 308, 333, 339, 353, 354, 380, 395, 396, 422, 452, 453], "excluded_lines": [], "functions": {"get_project_forecast": {"executed_lines": [36, 37, 42, 43, 44], "summary": {"covered_lines": 5, "num_statements": 5, "percent_covered": 100.0, "percent_covered_display": "100", "missing_lines": 0, "excluded_lines": 0, "percent_statements_covered": 100.0, "percent_statements_covered_display": "100"}, "missing_lines": [], "excluded_lines": [], "start_line": 25}, "get_program_forecast": {"executed_lines": [66, 67, 72, 73, 74], "summary": {"covered_lines": 5, "num_statements": 5, "percent_covered": 100.0, "percent_covered_display": "100", "missing_lines": 0, "excluded_lines": 0, "percent_statements_covered": 100.0, "percent_statements_covered_display": "100"}, "missing_lines": [], "excluded_lines": [], "start_line": 55}, "get_budget_vs_actual_vs_forecast": {"executed_lines": [102, 103, 108, 109, 115], "summary": {"covered_lines": 5, "num_statements": 7, "percent_covered": 71.42857142857143, "percent_covered_display": "71", "missing_lines": 2, "excluded_lines": 0, "percent_statements_covered": 71.42857142857143, "percent_statements_covered_display": "71"}, "missing_lines": [116, 117], "excluded_lines": [], "start_line": 85}, "get_project_cost_projection": {"executed_lines": [140, 141, 146, 147, 153], "summary": {"covered_lines": 5, "num_statements": 7, "percent_covered": 71.42857142857143, "percent_covered_display": "71", "missing_lines": 2, "excluded_lines": 0, "percent_statements_covered": 71.42857142857143, "percent_statements_covered_display": "71"}, "missing_lines": [154, 155], "excluded_lines": [], "start_line": 128}, "get_project_report": {"executed_lines": [178, 179, 185], "summary": {"covered_lines": 3, "num_statements": 5, "percent_covered": 60.0, "percent_covered_display": "60", "missing_lines": 2, "excluded_lines": 0, "percent_statements_covered": 60.0, "percent_statements_covered_display": "60"}, "missing_lines": [186, 187], "excluded_lines": [], "start_line": 166}, "get_program_report": {"executed_lines": [210, 211, 217], "summary": {"covered_lines": 3, "num_statements": 5, "percent_covered": 60.0, "percent_covered_display": "60", "missing_lines": 2, "excluded_lines": 0, "percent_statements_covered": 60.0, "percent_statements_covered_display": "60"}, "missing_lines": [218, 219], "excluded_lines": [], "start_line": 198}, "get_budget_status_report": {"executed_lines": [247, 253, 254, 260], "summary": {"covered_lines": 4, "num_statements": 7, "percent_covered": 57.142857142857146, "percent_covered_display": "57", "missing_lines": 3, "excluded_lines": 0, "percent_statements_covered": 57.142857142857146, "percent_statements_covered_display": "57"}, "missing_lines": [248, 261, 262], "excluded_lines": [], "start_line": 230}, "get_time_series_report": {"executed_lines": [286, 287, 292, 298, 299, 306], "summary": {"covered_lines": 6, "num_statements": 9, "percent_covered": 66.66666666666667, "percent_covered_display": "67", "missing_lines": 3, "excluded_lines": 0, "percent_statements_covered": 66.66666666666667, "percent_statements_covered_display": "67"}, "missing_lines": [293, 307, 308], "excluded_lines": [], "start_line": 273}, "get_drill_down_report": {"executed_lines": [332, 338, 344, 345, 352], "summary": {"covered_lines": 5, "num_statements": 9, "percent_covered": 55.55555555555556, "percent_covered_display": "56", "missing_lines": 4, "excluded_lines": 0, "percent_statements_covered": 55.55555555555556, "percent_statements_covered_display": "56"}, "missing_lines": [333, 339, 353, 354], "excluded_lines": [], "start_line": 319}, "get_variance_report": {"executed_lines": [379, 385, 386, 394], "summary": {"covered_lines": 4, "num_statements": 7, "percent_covered": 57.142857142857146, "percent_covered_display": "57", "missing_lines": 3, "excluded_lines": 0, "percent_statements_covered": 57.142857142857146, "percent_statements_covered_display": "57"}, "missing_lines": [380, 395, 396], "excluded_lines": [], "start_line": 365}, "get_variance_
[...]
}, "missing_lines": [257, 258, 259, 261, 262, 263], "excluded_lines": [], "start_line": 242}, "RoleManagementService.get_user_roles": {"executed_lines": [282, 283, 284], "summary": {"covered_lines": 3, "num_statements": 3, "percent_covered": 100.0, "percent_covered_display": "100", "missing_lines": 0, "excluded_lines": 0, "percent_statements_covered": 100.0, "percent_statements_covered_display": "100"}, "missing_lines": [], "excluded_lines": [], "start_line": 265}, "RoleManagementService.get_role_scopes": {"executed_lines": [303, 304, 305], "summary": {"covered_lines": 3, "num_statements": 3, "percent_covered": 100.0, "percent_covered_display": "100", "missing_lines": 0, "excluded_lines": 0, "percent_statements_covered": 100.0, "percent_statements_covered_display": "100"}, "missing_lines": [], "excluded_lines": [], "start_line": 286}, "RoleManagementService.get_user_role_summary": {"executed_lines": [322, 323, 326, 328, 329, 330, 332, 333, 334, 340, 342, 345, 347, 355, 357], "summary": {"covered_lines": 15, "num_statements": 18, "percent_covered": 83.33333333333333, "percent_covered_display": "83", "missing_lines": 3, "excluded_lines": 0, "percent_statements_covered": 83.33333333333333, "percent_statements_covered_display": "83"}, "missing_lines": [324, 341, 343], "excluded_lines": [], "start_line": 307}, "RoleManagementService.switch_active_role": {"executed_lines": [386], "summary": {"covered_lines": 1, "num_statements": 1, "percent_covered": 100.0, "percent_covered_display": "100", "missing_lines": 0, "excluded_lines": 0, "percent_statements_covered": 100.0, "percent_statements_covered_display": "100"}, "missing_lines": [], "excluded_lines": [], "start_line": 366}, "RoleManagementService.validate_role_scope_combination": {"executed_lines": [], "summary": {"covered_lines": 0, "num_statements": 9, "percent_covered": 0.0, "percent_covered_display": "0", "missing_lines": 9, "excluded_lines": 0, "percent_statements_covered": 0.0, "percent_statements_covered_display": "0"}, "missing_lines": [412, 415, 416, 419, 420, 421, 424, 425, 428], "excluded_lines": [], "start_line": 388}, "RoleManagementService.bulk_assign_scope_to_role": {"executed_lines": [], "summary": {"covered_lines": 0, "num_statements": 16, "percent_covered": 0.0, "percent_covered_display": "0", "missing_lines": 16, "excluded_lines": 0, "percent_statements_covered": 0.0, "percent_statements_covered_display": "0"}, "missing_lines": [449, 452, 453, 454, 455, 458, 459, 461, 464, 465, 466, 467, 470, 471, 473, 475], "excluded_lines": [], "start_line": 430}, "": {"executed_lines": [4, 5, 7, 9, 10, 15, 18, 21, 27, 72, 99, 122, 145, 196, 219, 242, 265, 286, 307, 366, 388, 430, 479], "summary": {"covered_lines": 23, "num_statements": 23, "percent_covered": 100.0, "percent_covered_display": "100", "missing_lines": 0, "excluded_lines": 0, "percent_statements_covered": 100.0, "percent_statements_covered_display": "100"}, "missing_lines": [], "excluded_lines": [], "start_line": 1}}, "classes": {"RoleManagementService": {"executed_lines": [22, 23, 24, 25, 47, 48, 52, 53, 54, 62, 67, 68, 69, 70, 89, 91, 92, 93, 94, 95, 172, 173, 177, 180, 184, 191, 192, 193, 194, 282, 283, 284, 303, 304, 305, 322, 323, 326, 328, 329, 330, 332, 333, 334, 340, 342, 345, 347, 355, 357, 386], "summary": {"covered_lines": 51, "num_statements": 117, "percent_covered": 43.58974358974359, "percent_covered_display": "44", "missing_lines": 66, "excluded_lines": 0, "percent_statements_covered": 43.58974358974359, "percent_statements_covered_display": "44"}, "missing_lines": [49, 56, 57, 58, 59, 97, 114, 115, 116, 118, 119, 120, 137, 138, 139, 141, 142, 143, 174, 181, 211, 212, 213, 215, 216, 217, 234, 235, 236, 238, 239, 240, 257, 258, 259, 261, 262, 263, 324, 341, 343, 412, 415, 416, 419, 420, 421, 424, 425, 428, 449, 452, 453, 454, 455, 458, 459, 461, 464, 465, 466, 467, 470, 471, 473, 475], "excluded_lines": [], "start_line": 18}, "": {"executed_lines": [4, 5, 7, 9, 10, 15, 18, 21, 27, 72, 99, 122, 145, 196, 219, 242, 265, 286, 307, 366, 388, 430, 479], "summary": {"covered_lines": 23, "num_statements": 23, "percent_covered": 100.0, "percent_covered_display": "100", "missing_lines": 0, "excluded_lines": 0, "percent_statements_covered": 100.0, "percent_statements_covered_display": "100"}, "missing_lines": [], "excluded_lines": [], "start_line": 1}}}, "app/services/scope_validator.py": {"executed_lines": [4, 5, 7, 9, 10, 11, 12, 15, 18, 19, 20, 21, 22, 24, 39, 42, 44, 46, 50, 51, 53, 54, 55, 57, 64, 66, 81, 84, 86, 88, 92, 93, 97, 99, 102, 107, 109, 129, 149, 164, 166, 167, 171, 172, 173, 175, 177, 192, 194, 196, 197, 201, 205, 207, 222, 224, 226, 227, 231, 235, 237, 257, 277, 292, 294, 295, 296, 297, 305, 306, 307, 308, 310, 318, 337, 338, 340, 342, 343, 345, 348, 349, 351, 368], "summary": {"covered_lines": 84, "num_statements": 118, "percent_covered": 71.1864406779661, "percent_covered_display": "71", "missing_lines": 34, "excluded_lines": 0, "percent_statements_covered": 71.1864406779661, "percent_statements_covered_display": "71"}, "missing_lines": [58, 60, 61, 62, 95, 96, 103, 105, 126, 127, 146, 147, 202, 203, 232, 233, 254, 255, 274, 275, 339, 344, 346, 350, 353, 354, 355, 356, 357, 359, 360, 361, 362, 364], "excluded_lines": [], "functions": {"ScopeValidatorService.__init__": {"executed_lines": [19, 20, 21, 22], "summary": {"covered_lines": 4, "num_statements": 4, "percent_covered": 100.0, "percent_covered_display": "100", "missing_lines": 0, "excluded_lines": 0, "percent_statements_covered": 100.0, "percent_statements_covered_display": "100"}, "missing_lines": [], "excluded_lines": [], "start_line": 18}, "ScopeValidatorService.get_user_accessible_programs": {"executed_lines": [39, 42, 44, 46, 50, 51, 53, 54, 55, 57, 64], "summary": {"covered_lines": 11, "num_statements": 15, "percent_covered": 73.33333333333333, "percent_covered_display": "73", "missing_lines": 4, "excluded_lines": 0, "percent_statements_covered": 73.33333333333333, "percent_statements_covered_display": "73"}, "missing_lines": [58, 60, 61, 62], "excluded_lines": [], "start_line": 24}, "ScopeValidatorService.get_user_accessible_projects": {"executed_lines": [81, 84, 86, 88, 92, 93, 97, 99, 102, 107], "summary": {"covered_lines": 10, "num_statements": 14, "percent_covered": 71.42857142857143, "percent_covered_display": "71", "missing_lines": 4, "excluded_lines": 0, "percent_statements_covered": 71.42857142857143, "percent_statements_covered_display": "71"}, "missing_lines": [95, 96, 103, 105], "excluded_lines": [], "start_line": 66}, "ScopeValidatorService.can_access_program": {"executed_lines": [], "summary": {"covered_lines": 0, "num_statements": 2, "percent_covered": 0.0, "percent_covered_display": "0", "missing_lines": 2, "excluded_lines": 0, "percent_statements_covered": 0.0, "percent_statements_covered_display": "0"}, "missing_lines": [126, 127], "excluded_lines": [], "start_line": 109}, "ScopeValidatorService.can_access_project": {"executed_lines": [], "summary": {"covered_lines": 0, "num_statements": 2, "percent_covered": 0.0, "percent_covered_display": "0", "missing_lines": 2, "excluded_lines": 0, "percent_statements_covered": 0.0, "percent_statements_covered_display": "0"}, "missing_lines": [146, 147], "excluded_lines": [], "start_line": 129}, "ScopeValidatorService.has_global_scope": {"executed_lines": [164, 166, 167, 171, 172, 173, 175], "summary": {"covered_lines": 7, "num_statements": 7, "percent_covered": 100.0, "percent_covered_display": "100", "missing_lines": 0, "excluded_lines": 0, "percent_statements_covered": 100.0, "percent_statements_covered_display": "100"}, "missing_lines": [], "excluded_lines": [], "start_line": 149}, "ScopeValidatorService.get_program_scope_ids": {"executed_lines": [192, 194, 196, 197, 201, 205], "summary": {"covered_lines": 6, "num_statements": 8, "percent_covered": 75.0, "percent_covered_display": "75", "missing_lines": 2, "excluded_lines": 0, "percent_statements_covered": 75.0, "percent_statements_covered_display": "75"}, "missing_lines": [202, 203], "excluded_lines": [], "start_line": 177}, "ScopeValidatorService.get_project_scope_ids": {"executed_lines": [222, 224, 226, 227, 231, 235], "summary": {"covered_lines": 6, "num_statements": 8, "percent_covered": 75.0, "percent_covered_display": "75", "missing_lines": 2, "excluded_lines": 0, "percent_statements_covered": 75.0, "percent_statements_covered_display": "75"}, "missing_lines": [232, 233], "excluded_lines": [], "start_line": 207}, "ScopeValidatorService.filter_programs_by_scope": {"executed_lines": [], "summary": {"covered_lines": 0, "num_statements": 2, "percent_covered": 0.0, "percent_covered_display": "0", "missing_lines": 2, "excluded_lines": 0, "percent_statements_covered": 0.0, "percent_statements_covered_display": "0"}, "missing_lines": [254, 255], "excluded_lines": [], "start_line": 237}, "ScopeValidatorService.filter_projects_by_scope": {"executed_lines": [], "summary": {"covered_lines": 0, "num_statements": 2, "percent_covered": 0.0, "percent_covered_display": "0", "missing_lines": 2, "excluded_lines": 0, "percent_statements_covered": 0.0, "percent_statements_covered_display": "0"}, "missing_lines": [274, 275], "excluded_lines": [], "start_line": 257}, "ScopeValidatorService.get_scope_summary": {"executed_lines": [292, 294, 295, 296, 297, 305, 306, 307, 308, 310], "summary": {"covered_lines": 10, "num_statements": 10, "percent_covered": 100.0, "percent_covered_display": "100", "missing_lines": 0, "excluded_lines": 0, "percent_statements_covered": 100.0, "percent_statements_covered_display": "100"}, "missing_lines": [], "excluded_lines": [], "start_line": 277}, "ScopeValidatorService.validate_scope_assignment": {"executed_lines": [337, 338, 340, 342, 343, 345, 348, 349, 351], "summary": {"covered_lines": 9, "num_statements": 23, "percent_covered": 39.130434782608695, "percent_covered_display": "39", "missing_lines": 14, "excluded_lines": 0, "percent_statements_covered": 39.130434782608695, "percent_statements_covered_display": "39"}, "missing_lines": [339, 344, 346, 350, 353, 354, 355, 356, 357, 359, 360, 361, 362, 364], "excluded_lines": [], "start_line": 318}, "": {"executed_lines": [4, 5, 7, 9, 10, 11, 12, 15, 18, 24, 66, 109, 129, 149, 177, 207, 237, 257, 277, 318, 368], "summary": {"covered_lines": 21, "num_statements": 21, "percent_covered": 100.0, "percent_covered_display": "100", "missing_lines": 0, "excluded_lines": 0, "percent_statements_covered": 100.0, "percent_statements_covered_display": "100"}, "missing_lines": [], "excluded_lines": [], "start_line": 1}}, "classes": {"ScopeValidatorService": {"executed_lines": [19, 20, 21, 22, 39, 42, 44, 46, 50, 51, 53, 54, 55, 57, 64, 81, 84, 86, 88, 92, 93, 97, 99, 102, 107, 164, 166, 167, 171, 172, 173, 175, 192, 194, 196, 197, 201, 205, 222, 224, 226, 227, 231, 235, 292, 294, 295, 296, 297, 305, 306, 307, 308, 310, 337, 338, 340, 342, 343, 345, 348, 349, 351], "summary": {"covered_lines": 63, "num_statements": 97, "percent_covered": 64.94845360824742, "percent_covered_display": "65", "missing_lines": 34, "excluded_lines": 0, "percent_statements_covered": 64.94845360824742, "percent_statements_covered_display": "65"}, "missing_lines": [58, 60, 61, 62, 95, 96, 103, 105, 126, 127, 146, 147, 202, 203, 232, 233, 254, 255, 274, 275, 339, 344, 346, 350, 353, 354, 355, 356, 357, 359, 360, 361, 362, 364], "excluded_lines": [], "start_line": 15}, "": {"executed_lines": [4, 5, 7, 9, 10, 11, 12, 15, 18, 24, 66, 109, 129, 149, 177, 207, 237, 257, 277, 318, 368], "summary": {"covered_lines": 21, "num_statements": 21, "percent_covered": 100.0, "percent_covered_display": "100", "missing_lines": 0, "excluded_lines": 0, "percent_statements_covered": 100.0, "percent_statements_covered_display": "100"}, "missing_lines": [], "excluded_lines": [], "start_line": 1}}}, "app/services/variance_analysis.py": {"executed_lines": [4, 5, 6, 7, 9, 11, 12, 13, 16, 18, 19, 20, 21, 22, 23, 26, 29, 42, 43, 44, 45, 46, 47, 48, 49, 50, 51, 53, 54, 56, 58, 59, 61, 62, 65, 66, 68, 70, 72, 73, 75, 76, 81, 83, 115, 118, 119, 121, 122, 124, 147, 148, 149, 150, 153, 154, 158, 168, 169, 174, 177, 178, 179, 180, 181, 182, 184, 185, 191, 192, 193, 196, 197, 202, 203, 217, 241, 242, 243, 246, 251, 256, 260, 262, 263, 265, 267, 286, 294, 295, 296, 297, 299, 301, 302, 303, 306, 307, 308, 310, 325, 348, 357, 419], "summary": {"covered_lines": 104, "num_statements": 130, "percent_covered": 80.0, "percent_covered_display": "80", "missing_lines": 26, "excluded_lines": 0, "percent_statements_covered": 80.0, "percent_statements_covered_display": "80"}, "missing_lines": [63, 69, 77, 78, 79, 155, 186, 187, 188, 200, 218, 221, 226, 227, 247, 248, 252, 253, 377, 382, 384, 385, 389, 390, 392, 394], "excluded_lines": [], "functions": {"VarianceRecord.__init__": {"executed_lines": [42, 43, 44, 45, 46, 47, 48, 49, 50, 51], "summary": {"covered_lines": 10, "num_statements": 10, "percent_covered": 100.0, "percent_covered_display": "100", "missing_lines": 0, "excluded_lines": 0, "percent_statements_covered": 100.0, "percent_statements_covered_display": "100"}, "missing_lines": [], "excluded_lines": [], "start_line": 29}, "VarianceRecord.allocation_variance": {"executed_lines": [56], "summary": {"covered_lines": 1, "num_statements": 1, "percent_covered": 100.0, "percent_covered_display": "100", "missing_lines": 0, "excluded_lines": 0, "percent_statements_covered": 100.0, "percent_statements_covered_display": "100"}, "missing_lines": [], "excluded_lines": [], "start_line": 54}, "VarianceRecord.allocation_variance_percentage": {"executed_lines": [61, 62], "summary": {"covered_lines": 2, "num_statements": 3, "percent_covered": 66.66666666666667, "percent_covered_display": "67", "missing_lines": 1, "excluded_lines": 0, "percent_statements_covered": 66.66666666666667, "percent_statements_covered_display": "67"}, "missing_lines": [63], "excluded_lines": [], "start_line": 59}, "VarianceRecord.cost_variance": {"executed_lines": [68, 70], "summary": {"covered_lines": 2, "num_statements": 3, "percent_covered": 66.66666666666667, "percent_covered_display": "67", "missing_lines": 1, "excluded_lines": 0, "percent_statements_covered": 66.66666666666667, "percent_statements_covered_display": "67"}, "missing_lines": [69], "excluded_lines": [], "start_line": 66}, "VarianceRecord.cost_variance_percentage": {"executed_lines": [75, 76], "summary": {"covered_lines": 2, "num_statements": 5, "percent_covered": 40.0, "percent_covered_display": "40", "missing_lines": 3, "excluded_lines": 0, "percent_statements_covered": 40.0, "percent_statements_covered_display": "40"}, "missing_lines": [77, 78, 79], "excluded_lines": [], "start_line": 73}, "VarianceRecord.to_dict": {"executed_lines": [83], "summary": {"covered_lines": 1, "num_statements": 1, "percent_covered": 100.0, "percent_covered_display": "100", "missing_lines": 0, "excluded_lines": 0, "percent_statements_covered": 100.0, "percent_statements_covered_display": "100"}, "missing_lines": [], "excluded_lines": [], "start_line": 81}, "VarianceAnalysisService.__init__": {"executed_lines": [122], "summary": {"covered_lines": 1, "num_statements": 1, "percent_covered": 100.0, "percent_covered_display": "100", "missing_lines": 0, "excluded_lines": 0, "percent_statements_covered": 100.0, "percent_statements_covered_display": "100"}, "missing_lines": [], "excluded_lines": [], "start_line": 121}, "VarianceAnalysisService.analyze_project_variance": {"executed_lines": [147, 148, 149, 150, 153, 154, 158, 168, 169, 174, 177, 178, 179, 180, 181, 182, 184, 185, 191, 192, 193, 196, 197, 202, 203, 217, 241, 242, 243, 246, 251, 256, 260, 262, 263, 265], "summary": {"covered_lines": 36, "num_statements": 49, "percent_covered": 73.46938775510205, "percent_covered_display": "73", "missing_lines": 13, "excluded_lines": 0, "percent_statements_covered": 73.46938775510205, "percent_statements_covered_display": "73"}, "missing_lines": [155, 186, 187, 188, 200, 218, 221, 226, 227, 247, 248, 252, 253], "excluded_lines": [], "start_line": 124}, "VarianceAnalysisService.get_variance_summary": {"executed_lines": [286, 294, 295, 296, 297, 299, 301, 302, 303, 306, 307, 308, 310], "summary": {"covered_lines": 13, "num_statements": 13, "percent_covered": 100.0, "percent_covered_display": "100", "missing_lines": 0, "excluded_lines": 0, "percent_statements_covered": 100.0, "percent_statements_covered_display": "100"}, "missing_lines": [], "excluded_lines": [], "start_line": 267}, "VarianceAnalysisService.identify_exceptions": {"executed_lines": [348], "summary": {"covered_lines": 1, "num_statements": 1, "percent_covered": 100.0, "percent_covered_display": "100", "missing_lines": 0, "excluded_lines": 0, "percent_statements_covered": 100.0, "percent_statements_covered_display": "100"}, "missing_lines": [], "excluded_lines": [], "start_line": 325}, "VarianceAnalysisService.compare_actual_vs_forecast": {"executed_lines": [], "summary": {"covered_lines": 0, "num_statements": 8, "percent_covered": 0.0, "percent_covered_display": "0", "missing_lines": 8, "excluded_lines": 0, "percent_statements_covered": 0.0, "percent_statements_covered_display": "0"}, "missing_lines": [377, 382, 384, 385, 389, 390, 392, 394], "excluded_lines": [], "start_line": 357}, "": {"executed_lines": [4, 5, 6, 7, 9, 11, 12, 13, 16, 18, 19, 20, 21, 22, 23, 26, 29, 53, 54, 58, 59, 65, 66, 72, 73, 81, 115, 118, 119, 121, 124, 267, 325, 357, 419], "summary": {"covered_lines": 35, "num_statements": 35, "percent_covered": 100.0, "percent_covered_display": "100", "missing_lines": 0, "excluded_lines": 0, "percent_statements_covered": 100.0, "percent_statements_covered_display": "100"}, "missing_lines": [], "excluded_lines": [], "start_line": 1}}, "classes": {"VarianceType": {"executed_lines": [], "summary": {"covered_lines": 0, "num_statements": 0, "percent_covered": 100.0, "percent_covered_display": "100", "missing_lines": 0, "excluded_lines": 0, "percent_statements_covered": 100.0, "percent_statements_covered_display": "100"}, "missing_lines": [], "excluded_lines": [], "start_line": 16}, "VarianceRecord": {"executed_lines": [42, 43, 44, 45, 46, 47, 48, 49, 50, 51, 56, 61, 62, 68, 70, 75, 76, 83], "summary": {"covered_lines": 18, "num_statements": 23, "percent_covered": 78.26086956521739, "percent_covered_display": "78", "missing_lines": 5, "excluded_lines": 0, "percent_statements_covered": 78.26086956521739, "percent_statements_covered_display": "78"}, "missing_lines": [63, 69, 77, 78, 79], "excluded_lines": [], "start_line": 26}, "VarianceAnalysisService": {"executed_lines": [122, 147, 148, 149, 150, 153, 154, 158, 168, 169, 174, 177, 178, 179, 180, 181, 182, 184, 185, 191, 192, 193, 196, 197, 202, 203, 217, 241, 242, 243, 246, 251, 256, 260, 262, 263, 265, 286, 294, 295, 296, 297, 299, 301, 302, 303, 306, 307, 308, 310, 348], "summary": {"covered_lines": 51, "num_statements": 72, "percent_covered": 70.83333333333333, "percent_covered_display": "71", "missing_lines": 21, "excluded_lines": 0, "percent_statements_covered": 70.83333333333333, "percent_statements_covered_display": "71"}, "missing_lines": [155, 186, 187, 188, 200, 218, 221, 226, 227, 247, 248, 252, 253, 377, 382, 384, 385, 389, 390, 392, 394], "excluded_lines": [], "start_line": 115}, "": {"executed_lines": [4, 5, 6, 7, 9, 11, 12, 13, 16, 18, 19, 20, 21, 22, 23, 26, 29, 53, 54, 58, 59, 65, 66, 72, 73, 81, 115, 118, 119, 121, 124, 267, 325, 357, 419], "summary": {"covered_lines": 35, "num_statements": 35, "percent_covered": 100.0, "percent_covered_display": "100", "missing_lines": 0, "excluded_lines": 0, "percent_statements_covered": 100.0, "percent_statements_covered_display": "100"}, "missing_lines": [], "excluded_lines": [], "start_line": 1}}}}, "totals": {"covered_lines": 4708, "num_statements": 6320, "percent_covered": 74.49367088607595, "percent_covered_display": "74", "missing_lines": 1612, "excluded_lines": 30, "percent_statements_covered": 74.49367088607595, "percent_statements_covered_display": "74"}}